<?xml version="1.0" encoding="UTF-8"?>
<testsuite xmlns:xsi="http://www.w3.org/2001/XMLSchema-instance" xsi:noNamespaceSchemaLocation="https://maven.apache.org/surefire/maven-surefire-plugin/xsd/surefire-test-report-3.0.xsd" version="3.0" name="org.isp.integration.AccommodationIntegrationTest" time="6.6" tests="5" errors="0" skipped="0" failures="5">
  <properties>
[...]
</properties>
  <testcase name="createAccommodation_ShouldCreateNewAccommodation" classname="org.isp.integration.AccommodationIntegrationTest" time="0.489">
    <failure message="Status expected:&lt;201&gt; but was:&lt;500&gt;" type="java.lang.AssertionError"><![CDATA[java.lang.AssertionError: Status expected:<201> but was:<500>
	at org.springframework.test.util.AssertionErrors.fail(AssertionErrors.java:59)
	at org.springframework.test.util.AssertionErrors.assertEquals(AssertionErrors.java:122)
	at org.springframework.test.web.servlet.result.StatusResultMatchers.lambda$matcher$9(StatusResultMatchers.java:637)
	at org.springframework.test.web.servlet.MockMvc$1.andExpect(MockMvc.java:214)
	at org.isp.integration.AccommodationIntegrationTest.createAccommodation_ShouldCreateNewAccommodation(AccommodationIntegrationTest.java:63)
	at java.base/java.lang.reflect.Method.invoke(Method.java:565)
	at java.base/java.util.ArrayList.forEach(ArrayList.java:1604)
	at java.base/java.util.ArrayList.forEach(ArrayList.java:1604)
]]></failure>
    <system-out><![CDATA[Standard Commons Logging discovery in action with spring-jcl: please remove commons-logging.jar from classpath in order to avoid potential conflicts
14:00:42.582 [main] INFO org.springframework.test.context.support.AnnotationConfigContextLoaderUtils -- Could not detect default configuration classes for test class [org.isp.integration.AccommodationIntegrationTest]: AccommodationIntegrationTest does not declare any static, non-private, non-final, nested classes annotated with @Configuration.
14:00:42.658 [main] INFO org.springframework.boot.test.context.SpringBootTestContextBootstrapper -- Found @SpringBootConfiguration org.isp.InternationalStudentPlatformApplication for test class org.isp.integration.AccommodationIntegrationTest

  .   ____          _            __ _ _
 /\\ / ___'_ __ _ _(_)_ __  __ _ \ \ \ \
( ( )\___ | '_ | '_| | '_ \/ _` | \ \ \ \
 \\/  ___)| |_)| | | | | || (_| |  ) ) ) )
  '  |____| .__|_| |_|_| |_\__, | / / / /
 =========|_|==============|___/=/_/_/_/
&amp#27;[32m :: Spring Boot :: &amp#27;[39m              &amp#27;[2m (v3.2.3)&amp#27;[0;39m

{"@timestamp":"2025-05-27T14:00:42.999328-04:00","@version":"1","message":"HV000001: Hibernate Validator 8.0.1.Final","logger_name":"org.hibernate.validator.internal.util.Version","thread_name":"background-preinit","level":"INFO","level_value":20000}
{"@timestamp":"2025-05-27T14:00:43.031876-04:00","@version":"1","message":"Starting AccommodationIntegrationTest using Java 24 with PID 10513 (started by rishiachavelli in /Users/rishiachavelli/Desktop/isp/isp_backend/ISP_Backend)","logger_name":"org.isp.integration.AccommodationIntegrationTest","thread_name":"main","level":"INFO","level_value":20000}
{"@timestamp":"2025-05-27T14:00:43.03237-04:00","@version":"1","message":"Running with Spring Boot v3.2.3, Spring v6.1.4","logger_name":"org.isp.integration.AccommodationIntegrationTest","thread_name":"main","level":"DEBUG","level_value":10000}
{"@timestamp":"2025-05-27T14:00:43.032735-04:00","@version":"1","message":"The following 1 profile is active: \"test\"","logger_name":"org.isp.integration.AccommodationIntegrationTest","thread_name":"main","level":"INFO","level_value":20000}
{"@timestamp":"2025-05-27T14:00:43.726486-04:00","@version":"1","message":"Multiple Spring Data modules found, entering strict repository configuration mode","logger_name":"org.springframework.data.repository.config.RepositoryConfigurationDelegate","thread_name":"main","level":"INFO","level_value":20000}
{"@timestamp":"2025-05-27T14:00:43.727398-04:00","@version":"1","message":"Bootstrapping Spring Data JPA repositories in DEFAULT mode.","logger_name":"org.springframework.data.repository.config.RepositoryConfigurationDelegate","thread_name":"main","level":"INFO","level_value":20000}
{"@timestamp":"2025-05-27T14:00:43.849626-04:00","@version":"1","message":"Finished Spring Data repository scanning in 118 ms. Found 7 JPA repository interfaces.","logger_name":"org.springframework.data.repository.config.RepositoryConfigurationDelegate","thread_name":"main","level":"INFO","level_value":20000}
{"@timestamp":"2025-05-27T14:00:43.865548-04:00","@version":"1","message":"Multiple Spring Data modules found, entering strict repository configuration mode","logger_name":"org.springframework.data.repository.config.RepositoryConfigurationDelegate","thread_name":"main","level":"INFO","level_value":20000}
{"@timestamp":"2025-05-27T14:00:43.866572-04:00","@version":"1","message":"Bootstrapping Spring Data Redis repositories in DEFAULT mode.","logger_name":"org.springframework.data.repository.config.RepositoryConfigurationDelegate","thread_name":"main","level":"INFO","level_value":20000}
{"@timestamp":"2025-05-27T14:00:43.88175-04:00","@version":"1","message":"Spring Data Redis - Could not safely identify store assignment for repository candidate interface org.isp.repository.AccommodationRepository; If you want this repository to be a Redis repository, consider annotating your entities with one of these annotations: org.springframework.data.redis.core.RedisHash (preferred), or consider extending one of the following types with your repository: org.springframework.data.keyvalue.repository.KeyValueRepository","logger_name":"org.springframework.data.repository.config.RepositoryConfigurationExtensionSupport","thread_name":"main","level":"INFO","level_value":20000}
{"@timestamp":"2025-05-27T14:00:43.882298-04:00","@version":"1","message":"Spring Data Redis - Could not safely identify store assignment for repository candidate interface org.isp.repository.ChatSupportRepository; If you want this repository to be a Redis repository, consider annotating your entities with one of these annotations: org.springframework.data.redis.core.RedisHash (preferred), or consider extending one of the following types with your repository: org.springframework.data.keyvalue.repository.KeyValueRepository","logger_name":"org.springframework.data.repository.config.RepositoryConfigurationExtensionSupport","thread_name":"main","level":"INFO","level_value":20000}
{"@timestamp":"2025-05-27T14:00:43.882563-04:00","@version":"1","message":"Spring Data Redis - Could not safely identify store assignment for repository candidate interface org.isp.repository.CommunityRepository; If you want this repository to be a Redis repository, consider annotating your entities with one of these annotations: org.springframework.data.redis.core.RedisHash (preferred), or consider extending one of the following types with your repository: org.springframework.data.keyvalue.repository.KeyValueRepository","logger_name":"org.springframework.data.repository.config.RepositoryConfigurationExtensionSupport","thread_name":"main","level":"INFO","level_value":20000}
{"@timestamp":"2025-05-27T14:00:43.882826-04:00","@version":"1","message":"Spring Data Redis - Could not safely identify store assignment for repository candidate interface org.isp.repository.JobRepository; If you want this repository to be a Redis repository, consider annotating your entities with one of these annotations: org.springframework.data.redis.core.RedisHash (preferred), or consider extending one of the following types with your repository: org.springframework.data.keyvalue.repository.KeyValueRepository","logger_name":"org.springframework.data.repository.config.RepositoryConfigurationExtensionSupport","thread_name":"main","level":"INFO","level_value":20000}
{"@timestamp":"2025-05-27T14:00:43.883022-04:00","@version":"1","message":"Spring Data Redis - Could not safely identify store assignment for repository candidate interface org.isp.repository.MarketplaceRepository; If you want this repository to be a Redis repository, consider annotating your entities with one of these annotations: org.springframework.data.redis.core.RedisHash (preferred), or consider extending one of the following types with your repository: org.springframework.data.keyvalue.repository.KeyValueRepository","logger_name":"org.springframework.data.repository.config.RepositoryConfigurationExtensionSupport","thread_name":"main","level":"INFO","level_value":20000}
{"@timestamp":"2025-05-27T14:00:43.884545-04:00","@version":"1","message":"Spring Data Redis - Could not safely identify store assignment for repository candidate interface org.isp.repository.UserRepository; If you want this repository to be a Redis repository, consider annotating your entities with one of these annotations: org.springframework.data.redis.core.RedisHash (preferred), or consider extending one of the following types with your repository: org.springframework.data.keyvalue.repository.KeyValueRepository","logger_name":"org.springframework.data.repository.config.RepositoryConfigurationExtensionSupport","thread_name":"main","level":"INFO","level_value":20000}
{"@timestamp":"2025-05-27T14:00:43.885234-04:00","@version":"1","message":"Spring Data Redis - Could not safely identify store assignment for repository candidate interface org.isp.repository.VisaRepository; If you want this repository to be a Redis repository, consider annotating your entities with one of these annotations: org.springframework.data.redis.core.RedisHash (preferred), or consider extending one of the following types with your repository: org.springframework.data.keyvalue.repository.KeyValueRepository","logger_name":"org.springframework.data.repository.config.RepositoryConfigurationExtensionSupport","thread_name":"main","level":"INFO","level_value":20000}
{"@timestamp":"2025-05-27T14:00:43.885561-04:00","@version":"1","message":"Finished Spring Data repository scanning in 10 ms. Found 0 Redis repository interfaces.","logger_name":"org.springframework.data.repository.config.RepositoryConfigurationDelegate","thread_name":"main","level":"INFO","level_value":20000}
{"@timestamp":"2025-05-27T14:00:44.641108-04:00","@version":"1","message":"HHH000204: Processing PersistenceUnitInfo [name: default]","logger_name":"org.hibernate.jpa.internal.util.LogHelper","thread_name":"main","level":"INFO","level_value":20000}
{"@timestamp":"2025-05-27T14:00:44.673839-04:00","@version":"1","message":"HHH000412: Hibernate ORM core version 6.4.4.Final","logger_name":"org.hibernate.Version","thread_name":"main","level":"INFO","level_value":20000}
{"@timestamp":"2025-05-27T14:00:44.696658-04:00","@version":"1","message":"HHH000026: Second-level cache disabled","logger_name":"org.hibernate.cache.internal.RegionFactoryInitiator","thread_name":"main","level":"INFO","level_value":20000}
{"@timestamp":"2025-05-27T14:00:44.826691-04:00","@version":"1","message":"No LoadTimeWeaver setup: ignoring JPA class transformer","logger_name":"org.springframework.orm.jpa.persistenceunit.SpringPersistenceUnitInfo","thread_name":"main","level":"INFO","level_value":20000}
{"@timestamp":"2025-05-27T14:00:44.840246-04:00","@version":"1","message":"ISPHikariPool - Starting...","logger_name":"com.zaxxer.hikari.HikariDataSource","thread_name":"main","level":"INFO","level_value":20000}
{"@timestamp":"2025-05-27T14:00:44.953138-04:00","@version":"1","message":"ISPHikariPool - Added connection conn0: url=jdbc:h2:mem:testdb user=SA","logger_name":"com.zaxxer.hikari.pool.HikariPool","thread_name":"main","level":"INFO","level_value":20000}
{"@timestamp":"2025-05-27T14:00:44.95393-04:00","@version":"1","message":"ISPHikariPool - Start completed.","logger_name":"com.zaxxer.hikari.HikariDataSource","thread_name":"main","level":"INFO","level_value":20000}
{"@timestamp":"2025-05-27T14:00:44.969699-04:00","@version":"1","message":"HHH90000025: H2Dialect does not need to be specified explicitly using 'hibernate.dialect' (remove the property setting and it will be selected by default)","logger_name":"org.hibernate.orm.deprecation","thread_name":"main","level":"WARN","level_value":30000}
{"@timestamp":"2025-05-27T14:00:45.498214-04:00","@version":"1","message":"HHH000489: No JTA platform available (set 'hibernate.transaction.jta.platform' to enable JTA platform integration)","logger_name":"org.hibernate.engine.transaction.jta.platform.internal.JtaPlatformInitiator","thread_name":"main","level":"INFO","level_value":20000}
Hibernate: 
    drop table if exists accommodation cascade 
Hibernate: 
    drop table if exists chat_message cascade 
Hibernate: 
    drop table if exists community cascade 
Hibernate: 
    drop table if exists job cascade 
Hibernate: 
    drop table if exists marketplace_item cascade 
Hibernate: 
    drop table if exists user_roles cascade 
Hibernate: 
    drop table if exists users cascade 
Hibernate: 
    drop table if exists visa cascade 
Hibernate: 
    create table accommodation (
        price float(53) not null,
        id bigint generated by default as identity,
        name varchar(100) not null,
        address varchar(255) not null,
        description varchar(255),
        primary key (id)
    )
Hibernate: 
    create table chat_message (
        id bigint generated by default as identity,
        content varchar(1000) not null,
        sender varchar(255) not null,
        timestamp varchar(255),
        primary key (id)
    )
Hibernate: 
    create table community (
        id bigint generated by default as identity,
        name varchar(100) not null,
        contact_email varchar(255),
        description varchar(255) not null,
        location varchar(255),
        primary key (id)
    )
Hibernate: 
    create table job (
        salary float(53) not null,
        id bigint generated by default as identity,
        title varchar(100) not null,
        company varchar(255) not null,
        description varchar(255) not null,
        location varchar(255) not null,
        primary key (id)
    )
Hibernate: 
    create table marketplace_item (
        price float(53) not null,
        id bigint generated by default as identity,
        title varchar(100) not null,
        description varchar(255) not null,
        seller_contact varchar(255) not null,
        primary key (id)
    )
Hibernate: 
    create table user_roles (
        user_id bigint not null,
        role varchar(255)
    )
Hibernate: 
    create table users (
        enabled boolean not null,
        id bigint generated by default as identity,
        username varchar(20),
        email varchar(50),
        password varchar(120),
        primary key (id),
        unique (username),
        unique (email)
    )
Hibernate: 
    create table visa (
        id bigint generated by default as identity,
        type varchar(100) not null,
        country varchar(255) not null,
        description varchar(255) not null,
        requirements varchar(255) not null,
        primary key (id)
    )
Hibernate: 
    alter table if exists user_roles 
       add constraint FKhfh9dx7w3ubf1co1vdev94g3f 
       foreign key (user_id) 
       references users
{"@timestamp":"2025-05-27T14:00:45.531674-04:00","@version":"1","message":"Initialized JPA EntityManagerFactory for persistence unit 'default'","logger_name":"org.springframework.orm.jpa.LocalContainerEntityManagerFactoryBean","thread_name":"main","level":"INFO","level_value":20000}
{"@timestamp":"2025-05-27T14:00:46.5838-04:00","@version":"1","message":"spring.jpa.open-in-view is enabled by default. Therefore, database queries may be performed during view rendering. Explicitly configure spring.jpa.open-in-view to disable this warning","logger_name":"org.springframework.boot.autoconfigure.orm.jpa.JpaBaseConfiguration$JpaWebConfiguration","thread_name":"main","level":"WARN","level_value":30000}
{"@timestamp":"2025-05-27T14:00:47.219223-04:00","@version":"1","message":"Exposing 4 endpoint(s) beneath base path '/actuator'","logger_name":"org.springframework.boot.actuate.endpoint.web.EndpointLinksResolver","thread_name":"main","level":"INFO","level_value":20000}
{"@timestamp":"2025-05-27T14:00:47.2812-04:00","@version":"1","message":"Will secure any request with [org.springframework.security.web.session.DisableEncodeUrlFilter@347b27f3, org.springframework.security.web.context.request.async.WebAsyncManagerIntegrationFilter@7f930614, org.springframework.security.web.context.SecurityContextHolderFilter@452d71e5, org.springframework.security.web.header.HeaderWriterFilter@569e8e11, org.springframework.web.filter.CorsFilter@6ef0a044, org.springframework.security.web.authentication.logout.LogoutFilter@89537c1, org.isp.security.JwtAuthenticationFilter@39384ba6, org.springframework.security.web.savedrequest.RequestCacheAwareFilter@66a2bc61, org.springframework.security.web.servletapi.SecurityContextHolderAwareRequestFilter@425436b4, org.springframework.security.web.authentication.AnonymousAuthenticationFilter@73e505d5, org.springframework.security.web.session.SessionManagementFilter@2006673c, org.springframework.security.web.access.ExceptionTranslationFilter@16d52e51, org.springframework.security.web.access.intercept.AuthorizationFilter@70ac3a87]","logger_name":"org.springframework.security.web.DefaultSecurityFilterChain","thread_name":"main","level":"INFO","level_value":20000}
{"@timestamp":"2025-05-27T14:00:47.557736-04:00","@version":"1","message":"Running migration MigrationByPath{path=/org/jobrunr/storage/sql/common/migrations/v000__create_migrations_table.sql}","logger_name":"org.jobrunr.storage.sql.common.DatabaseCreator","thread_name":"main","level":"INFO","level_value":20000}
{"@timestamp":"2025-05-27T14:00:47.566562-04:00","@version":"1","message":"Running migration MigrationByPath{path=/org/jobrunr/storage/sql/common/migrations/v001__create_job_table.sql}","logger_name":"org.jobrunr.storage.sql.common.DatabaseCreator","thread_name":"main","level":"INFO","level_value":20000}
{"@timestamp":"2025-05-27T14:00:47.570394-04:00","@version":"1","message":"Running migration MigrationByPath{path=/org/jobrunr/storage/sql/common/migrations/v002__create_recurring_job_table.sql}","logger_name":"org.jobrunr.storage.sql.common.DatabaseCreator","thread_name":"main","level":"INFO","level_value":20000}
{"@timestamp":"2025-05-27T14:00:47.571432-04:00","@version":"1","message":"Running migration MigrationByPath{path=/org/jobrunr/storage/sql/common/migrations/v003__create_background_job_server_table.sql}","logger_name":"org.jobrunr.storage.sql.common.DatabaseCreator","thread_name":"main","level":"INFO","level_value":20000}
{"@timestamp":"2025-05-27T14:00:47.572804-04:00","@version":"1","message":"Running migration MigrationByPath{path=/org/jobrunr/storage/sql/common/migrations/v004__create_job_stats_view.sql}","logger_name":"org.jobrunr.storage.sql.common.DatabaseCreator","thread_name":"main","level":"INFO","level_value":20000}
{"@timestamp":"2025-05-27T14:00:47.576931-04:00","@version":"1","message":"Running migration MigrationByPath{path=/org/jobrunr/storage/sql/common/migrations/v005__update_job_stats_view.sql}","logger_name":"org.jobrunr.storage.sql.common.DatabaseCreator","thread_name":"main","level":"INFO","level_value":20000}
{"@timestamp":"2025-05-27T14:00:47.579297-04:00","@version":"1","message":"Running migration MigrationByPath{path=/org/jobrunr/storage/sql/common/migrations/v006__alter_table_jobs_add_recurringjob.sql}","logger_name":"org.jobrunr.storage.sql.common.DatabaseCreator","thread_name":"main","level":"INFO","level_value":20000}
{"@timestamp":"2025-05-27T14:00:47.585552-04:00","@version":"1","message":"Running migration MigrationByPath{path=/org/jobrunr/storage/sql/common/migrations/v007__alter_table_backgroundjobserver_add_delete_config.sql}","logger_name":"org.jobrunr.storage.sql.common.DatabaseCreator","thread_name":"main","level":"INFO","level_value":20000}
{"@timestamp":"2025-05-27T14:00:47.589781-04:00","@version":"1","message":"Running migration MigrationByPath{path=/org/jobrunr/storage/sql/common/migrations/v008__alter_table_jobs_increase_jobAsJson_size.sql}","logger_name":"org.jobrunr.storage.sql.common.DatabaseCreator","thread_name":"main","level":"INFO","level_value":20000}
{"@timestamp":"2025-05-27T14:00:47.590241-04:00","@version":"1","message":"Running migration MigrationByPath{path=/org/jobrunr/storage/sql/h2/migrations/v009__change_jobrunr_job_counters_to_jobrunr_metadata.sql}","logger_name":"org.jobrunr.storage.sql.common.DatabaseCreator","thread_name":"main","level":"INFO","level_value":20000}
{"@timestamp":"2025-05-27T14:00:47.59303-04:00","@version":"1","message":"Running migration MigrationByPath{path=/org/jobrunr/storage/sql/h2/migrations/v010__change_job_stats.sql}","logger_name":"org.jobrunr.storage.sql.common.DatabaseCreator","thread_name":"main","level":"INFO","level_value":20000}
{"@timestamp":"2025-05-27T14:00:47.594491-04:00","@version":"1","message":"Running migration MigrationByPath{path=/org/jobrunr/storage/sql/common/migrations/v011__change_sqlserver_text_to_varchar.sql}","logger_name":"org.jobrunr.storage.sql.common.DatabaseCreator","thread_name":"main","level":"INFO","level_value":20000}
{"@timestamp":"2025-05-27T14:00:47.594852-04:00","@version":"1","message":"Running migration MigrationByPath{path=/org/jobrunr/storage/sql/common/migrations/v012__change_oracle_alter_jobrunr_metadata_column_size.sql}","logger_name":"org.jobrunr.storage.sql.common.DatabaseCreator","thread_name":"main","level":"INFO","level_value":20000}
{"@timestamp":"2025-05-27T14:00:47.595202-04:00","@version":"1","message":"Running migration MigrationByPath{path=/org/jobrunr/storage/sql/common/migrations/v013__alter_table_recurring_job_add_createdAt.sql}","logger_name":"org.jobrunr.storage.sql.common.DatabaseCreator","thread_name":"main","level":"INFO","level_value":20000}
{"@timestamp":"2025-05-27T14:00:47.596807-04:00","@version":"1","message":"Running migration MigrationByPath{path=/org/jobrunr/storage/sql/common/migrations/v014__improve_job_stats.sql}","logger_name":"org.jobrunr.storage.sql.common.DatabaseCreator","thread_name":"main","level":"INFO","level_value":20000}
{"@timestamp":"2025-05-27T14:00:47.964481-04:00","@version":"1","message":"H2 console available at '/h2-console'. Database available at 'jdbc:h2:mem:testdb'","logger_name":"org.springframework.boot.autoconfigure.h2.H2ConsoleAutoConfiguration","thread_name":"main","level":"INFO","level_value":20000}
{"@timestamp":"2025-05-27T14:00:48.092006-04:00","@version":"1","message":"Filter 'requestLoggingFilter' configured for use","logger_name":"org.isp.logging.RequestLoggingFilter","thread_name":"main","level":"DEBUG","level_value":10000}
{"@timestamp":"2025-05-27T14:00:48.092274-04:00","@version":"1","message":"Filter 'jwtAuthenticationFilter' configured for use","logger_name":"org.isp.security.JwtAuthenticationFilter","thread_name":"main","level":"DEBUG","level_value":10000}
{"@timestamp":"2025-05-27T14:00:48.092765-04:00","@version":"1","message":"Initializing Spring TestDispatcherServlet ''","logger_name":"org.springframework.boot.test.mock.web.SpringBootMockServletContext","thread_name":"main","level":"INFO","level_value":20000}
{"@timestamp":"2025-05-27T14:00:48.092883-04:00","@version":"1","message":"Initializing Servlet ''","logger_name":"org.springframework.test.web.servlet.TestDispatcherServlet","thread_name":"main","level":"INFO","level_value":20000}
{"@timestamp":"2025-05-27T14:00:48.093581-04:00","@version":"1","message":"Completed initialization in 1 ms","logger_name":"org.springframework.test.web.servlet.TestDispatcherServlet","thread_name":"main","level":"INFO","level_value":20000}
{"@timestamp":"2025-05-27T14:00:48.148576-04:00","@version":"1","message":"Started AccommodationIntegrationTest in 5.412 seconds (process running for 5.981)","logger_name":"org.isp.integration.AccommodationIntegrationTest","thread_name":"main","level":"INFO","level_value":20000}
{"@timestamp":"2025-05-27T14:00:48.577472-04:00","@version":"1","message":"Securing POST /api/v1/accommodations","logger_name":"org.springframework.security.web.FilterChainProxy","thread_name":"main","level":"DEBUG","level_value":10000}
{"@timestamp":"2025-05-27T14:00:48.586335-04:00","@version":"1","message":"Secured POST /api/v1/accommodations","logger_name":"org.springframework.security.web.FilterChainProxy","thread_name":"main","level":"DEBUG","level_value":10000}
{"@timestamp":"2025-05-27T14:00:48.587411-04:00","@version":"1","message":"Request: POST /api/v1/accommodations from IP: 127.0.0.1","logger_name":"org.isp.logging.RequestLoggingFilter","thread_name":"main","level":"INFO","level_value":20000,"userId":"user","requestId":"93ef1540-ed85-487b-8aa0-890edbca6e78","clientIp":"127.0.0.1"}
{"@timestamp":"2025-05-27T14:00:48.632592-04:00","@version":"1","message":"Authorizing method invocation ReflectiveMethodInvocation: public org.springframework.http.ResponseEntity org.isp.controller.AccommodationController.createAccommodation(org.isp.model.Accommodation); target is of class [org.isp.controller.AccommodationController]","logger_name":"org.springframework.security.authorization.method.AuthorizationManagerBeforeMethodInterceptor","thread_name":"main","level":"DEBUG","level_value":10000,"userId":"user","requestId":"93ef1540-ed85-487b-8aa0-890edbca6e78","clientIp":"127.0.0.1"}
{"@timestamp":"2025-05-27T14:00:48.638622-04:00","@version":"1","message":"Authorized method invocation ReflectiveMethodInvocation: public org.springframework.http.ResponseEntity org.isp.controller.AccommodationController.createAccommodation(org.isp.model.Accommodation); target is of class [org.isp.controller.AccommodationController]","logger_name":"org.springframework.security.authorization.method.AuthorizationManagerBeforeMethodInterceptor","thread_name":"main","level":"DEBUG","level_value":10000,"userId":"user","requestId":"93ef1540-ed85-487b-8aa0-890edbca6e78","clientIp":"127.0.0.1"}
{"@timestamp":"2025-05-27T14:00:48.639397-04:00","@version":"1","message":"Creating accommodation: {\"id\":null,\"name\":\"New Accommodation\",\"address\":\"New Address\",\"description\":null,\"price\":0.0}","logger_name":"org.isp.controller.AccommodationController","thread_name":"main","level":"INFO","level_value":20000,"userId":"user","requestId":"93ef1540-ed85-487b-8aa0-890edbca6e78","clientIp":"127.0.0.1"}
{"@timestamp":"2025-05-27T14:00:48.643325-04:00","@version":"1","message":"Saving accommodation: org.isp.model.Accommodation@fbcba93","logger_name":"org.isp.service.AccommodationService","thread_name":"main","level":"INFO","level_value":20000,"userId":"user","requestId":"93ef1540-ed85-487b-8aa0-890edbca6e78","clientIp":"127.0.0.1"}
Hibernate: 
    insert 
    into
        accommodation
        (address, description, name, price, id) 
    values
        (?, ?, ?, ?, default)
{"@timestamp":"2025-05-27T14:00:48.671713-04:00","@version":"1","message":"Processing CREATED event for accommodation: 1","logger_name":"org.isp.event.AccommodationEventListener","thread_name":"ISPAsync-1","level":"INFO","level_value":20000}
{"@timestamp":"2025-05-27T14:00:48.671961-04:00","@version":"1","message":"Processing new accommodation: 1","logger_name":"org.isp.event.AccommodationEventListener","thread_name":"ISPAsync-1","level":"INFO","level_value":20000}
{"@timestamp":"2025-05-27T14:00:48.67755-04:00","@version":"1","message":"Error creating accommodation","logger_name":"org.isp.controller.AccommodationController","thread_name":"main","level":"ERROR","level_value":40000,"stack_trace":"org.springframework.data.redis.serializer.SerializationException: Cannot serialize\n\tat org.springframework.data.redis.serializer.JdkSerializationRedisSerializer.serialize(JdkSerializationRedisSerializer.java:94)\n\tat org.springframework.data.redis.serializer.DefaultRedisElementWriter.write(DefaultRedisElementWriter.java:41)\n\tat org.springframework.data.redis.serializer.RedisSerializationContext$SerializationPair.write(RedisSerializationContext.java:292)\n\tat org.springframework.data.redis.cache.RedisCache.serializeCacheValue(RedisCache.java:372)\n\tat org.springframework.data.redis.cache.RedisCache.put(RedisCache.java:226)\n\tat org.springframework.cache.interceptor.AbstractCacheInvoker.doPut(AbstractCacheInvoker.java:87)\n\tat org.springframework.cache.interceptor.CacheAspectSupport$CachePutRequest.performCachePut(CacheAspectSupport.java:1031)\n\tat org.springframework.cache.interceptor.CacheAspectSupport$CachePutRequest.apply(CacheAspectSupport.java:1016)\n\tat org.springframework.cache.interceptor.CacheAspectSupport.evaluate(CacheAspectSupport.java:560)\n\tat org.springframework.cache.interceptor.CacheAspectSupport.execute(CacheAspectSupport.java:433)\n\tat org.springframework.cache.interceptor.CacheAspectSupport.execute(CacheAspectSupport.java:395)\n\tat org.springframework.cache.interceptor.CacheInterceptor.invoke(CacheInterceptor.java:74)\n\tat org.springframework.aop.framework.ReflectiveMethodInvocation.proceed(ReflectiveMethodInvocation.java:184)\n\tat org.springframework.aop.framework.CglibAopProxy$CglibMethodInvocation.proceed(CglibAopProxy.java:765)\n\tat org.springframework.aop.framework.CglibAopProxy$DynamicAdvisedInterceptor.intercept(CglibAopProxy.java:717)\n\tat org.isp.service.AccommodationService$$SpringCGLIB$$0.saveAccommodation(<generated>)\n\tat org.isp.controller.AccommodationController.createAccommodation(AccommodationController.java:69)\n\tat java.base/jdk.internal.reflect.DirectMethodHandleAccessor.invoke(DirectMethodHandleAccessor.java:104)\n\tat java.base/java.lang.reflect.Method.invoke(Method.java:565)\n\tat org.springframework.aop.support.AopUtils.invokeJoinpointUsingReflection(AopUtils.java:351)\n\tat org.springframework.aop.framework.ReflectiveMethodInvocation.invokeJoinpoint(ReflectiveMethodInvocation.java:196)\n\tat org.springframework.aop.framework.ReflectiveMethodInvocation.proceed(ReflectiveMethodInvocation.java:163)\n\tat org.springframework.aop.framework.CglibAopProxy$CglibMethodInvocation.proceed(CglibAopProxy.java:765)\n\tat org.springframework.security.authorization.method.AuthorizationManagerBeforeMethodInterceptor.invoke(AuthorizationManagerBeforeMethodInterceptor.java:198)\n\tat org.springframework.aop.framework.ReflectiveMethodInvocation.proceed(ReflectiveMethodInvocation.java:184)\n\tat org.springframework.aop.framework.CglibAopProxy$CglibMethodInvocation.proceed(CglibAopProxy.java:765)\n\tat org.springframework.aop.framework.CglibAopProxy$DynamicAdvisedInterceptor.intercept(CglibAopProxy.java:717)\n\tat org.isp.controller.AccommodationController$$SpringCGLIB$$0.createAccommodation(<generated>)\n\tat java.base/jdk.internal.reflect.DirectMethodHandleAccessor.invoke(DirectMethodHandleAccessor.java:104)\n\tat java.base/java.lang.reflect.Method.invoke(Method.java:565)\n\tat org.springframework.web.method.support.InvocableHandlerMethod.doInvoke(InvocableHandlerMethod.java:259)\n\tat org.springframework.web.method.support.InvocableHandlerMethod.invokeForRequest(InvocableHandlerMethod.java:192)\n\tat org.springframework.web.servlet.mvc.method.annotation.ServletInvocableHandlerMethod.invokeAndHandle(ServletInvocableHandlerMethod.java:118)\n\tat org.springframework.web.servlet.mvc.method.annotation.RequestMappingHandlerAdapter.invokeHandlerMethod(RequestMappingHandlerAdapter.java:920)\n\tat org.springframework.web.servlet.mvc.method.annotation.RequestMappingHandlerAdapter.handleInternal(RequestMappingHandlerAdapter.java:830)\n\tat org.springframework.web.servlet.mvc.method.AbstractHandlerMethodAdapter.handle(AbstractHandlerMethodAdapter.java:87)\n\tat org.springframework.web.servlet.DispatcherServlet.doDispatch(DispatcherServlet.java:1089)\n\tat org.springframework.web.servlet.DispatcherServlet.doService(DispatcherServlet.java:979)\n\tat org.springframework.web.servlet.FrameworkServlet.processRequest(FrameworkServlet.java:1014)\n\tat org.springframework.web.servlet.FrameworkServlet.doPost(FrameworkServlet.java:914)\n\tat jakarta.servlet.http.HttpServlet.service(HttpServlet.java:590)\n\tat org.springframework.web.servlet.FrameworkServlet.service(FrameworkServlet.java:885)\n\tat org.springframework.test.web.servlet.TestDispatcherServlet.service(TestDispatcherServlet.java:72)\n\tat jakarta.servlet.http.HttpServlet.service(HttpServlet.java:658)\n\tat org.springframework.mock.web.MockFilterChain$ServletFilterProxy.doFilter(MockFilterChain.java:165)\n\tat org.springframework.mock.web.MockFilterChain.doFilter(MockFilterChain.java:132)\n\tat org.springframework.web.filter.OncePerRequestFilter.doFilter(OncePerRequestFilter.java:110)\n\tat org.springframework.test.web.servlet.setup.MockMvcFilterDecorator.doFilter(MockMvcFilterDecorator.java:151)\n\tat org.springframework.mock.web.MockFilterChain.doFilter(MockFilterChain.java:132)\n\tat org.isp.logging.RequestLoggingFilter.doFilterInternal(RequestLoggingFilter.java:47)\n\tat org.springframework.web.filter.OncePerRequestFilter.doFilter(OncePerRequestFilter.java:116)\n\tat org.springframework.test.web.servlet.setup.MockMvcFilterDecorator.doFilter(MockMvcFilterDecorator.java:151)\n\tat org.springframework.mock.web.MockFilterChain.doFilter(MockFilterChain.java:132)\n\tat org.springframework.web.filter.CompositeFilter$VirtualFilterChain.doFilter(CompositeFilter.java:108)\n\tat org.springframework.security.web.FilterChainProxy.lambda$doFilterInternal$3(FilterChainProxy.java:231)\n\tat org.springframework.security.web.ObservationFilterChainDecorator$FilterObservation$SimpleFilterObservation.lambda$wrap$1(ObservationFilterChainDecorator.java:479)\n\tat org.springframework.security.web.ObservationFilterChainDecorator$AroundFilterObservation$SimpleAroundFilterObservation.lambda$wrap$1(ObservationFilterChainDecorator.java:340)\n\tat org.springframework.security.web.ObservationFilterChainDecorator.lambda$wrapSecured$0(ObservationFilterChainDecorator.java:82)\n\tat org.springframework.security.web.ObservationFilterChainDecorator$VirtualFilterChain.doFilter(ObservationFilterChainDecorator.java:128)\n\tat org.springframework.security.web.access.intercept.AuthorizationFilter.doFilter(AuthorizationFilter.java:100)\n\tat org.springframework.security.web.ObservationFilterChainDecorator$ObservationFilter.wrapFilter(ObservationFilterChainDecorator.java:240)\n\tat org.springframework.security.web.ObservationFilterChainDecorator$ObservationFilter.doFilter(ObservationFilterChainDecorator.java:227)\n\tat org.springframework.security.web.ObservationFilterChainDecorator$VirtualFilterChain.doFilter(ObservationFilterChainDecorator.java:137)\n\tat org.springframework.security.web.access.ExceptionTranslationFilter.doFilter(ExceptionTranslationFilter.java:126)\n\tat org.springframework.security.web.access.ExceptionTranslationFilter.doFilter(ExceptionTranslationFilter.java:120)\n\tat org.springframework.security.web.ObservationFilterChainDecorator$ObservationFilter.wrapFilter(ObservationFilterChainDecorator.java:240)\n\tat org.springframework.security.web.ObservationFilterChainDecorator$ObservationFilter.doFilter(ObservationFilterChainDecorator.java:227)\n\tat org.springframework.security.web.ObservationFilterChainDecorator$VirtualFilterChain.doFilter(ObservationFilterChainDecorator.java:137)\n\tat org.springframework.security.web.session.SessionManagementFilter.doFilter(SessionManagementFilter.java:131)\n\tat org.springframework.security.web.session.SessionManagementFilter.doFilter(SessionManagementFilter.java:85)\n\tat org.springframework.security.web.ObservationFilterChainDecorator$ObservationFilter.wrapFilter(ObservationFilterChainDecorator.java:240)\n\tat org.springframework.security.web.ObservationFilterChainDecorator$ObservationFilter.doFilter(ObservationFilterChainDecorator.java:227)\n\tat org.springframework.security.web.ObservationFilterChainDecorator$VirtualFilterChain.doFilter(ObservationFilterChainDecorator.java:137)\n\tat org.springframework.security.web.authentication.AnonymousAuthenticationFilter.doFilter(AnonymousAuthenticationFilter.java:100)\n\tat org.springframework.security.web.ObservationFilterChainDecorator$ObservationFilter.wrapFilter(ObservationFilterChainDecorator.java:240)\n\tat org.springframework.security.web.ObservationFilterChainDecorator$ObservationFilter.doFilter(ObservationFilterChainDecorator.java:227)\n\tat org.springframework.security.web.ObservationFilterChainDecorator$VirtualFilterChain.doFilter(ObservationFilterChainDecorator.java:137)\n\tat org.springframework.security.web.servletapi.SecurityContextHolderAwareRequestFilter.doFilter(SecurityContextHolderAwareRequestFilter.java:179)\n\tat org.springframework.security.web.ObservationFilterChainDecorator$ObservationFilter.wrapFilter(ObservationFilterChainDecorator.java:240)\n\tat org.springframework.security.web.ObservationFilterChainDecorator$ObservationFilter.doFilter(ObservationFilterChainDecorator.java:227)\n\tat org.springframework.security.web.ObservationFilterChainDecorator$VirtualFilterChain.doFilter(ObservationFilterChainDecorator.java:137)\n\tat org.springframework.security.web.savedrequest.RequestCacheAwareFilter.doFilter(RequestCacheAwareFilter.java:63)\n\tat org.springframework.security.web.ObservationFilterChainDecorator$ObservationFilter.wrapFilter(ObservationFilterChainDecorator.java:240)\n\tat org.springframework.security.web.ObservationFilterChainDecorator$ObservationFilter.doFilter(ObservationFilterChainDecorator.java:227)\n\tat org.springframework.security.web.ObservationFilterChainDecorator$VirtualFilterChain.doFilter(ObservationFilterChainDecorator.java:137)\n\tat org.isp.security.JwtAuthenticationFilter.doFilterInternal(JwtAuthenticationFilter.java:50)\n\tat org.springframework.web.filter.OncePerRequestFilter.doFilter(OncePerRequestFilter.java:116)\n\tat org.springframework.security.web.ObservationFilterChainDecorator$ObservationFilter.wrapFilter(ObservationFilterChainDecorator.java:240)\n\tat org.springframework.security.web.ObservationFilterChainDecorator$ObservationFilter.doFilter(ObservationFilterChainDecorator.java:227)\n\tat org.springframework.security.web.ObservationFilterChainDecorator$VirtualFilterChain.doFilter(ObservationFilterChainDecorator.java:137)\n\tat org.springframework.security.web.authentication.logout.LogoutFilter.doFilter(LogoutFilter.java:107)\n\tat org.springframework.security.web.authentication.logout.LogoutFilter.doFilter(LogoutFilter.java:93)\n\tat org.springframework.security.web.ObservationFilterChainDecorator$ObservationFilter.wrapFilter(ObservationFilterChainDecorator.java:240)\n\tat org.springframework.security.web.ObservationFilterChainDecorator$ObservationFilter.doFilter(ObservationFilterChainDecorator.java:227)\n\tat org.springframework.security.web.ObservationFilterChainDecorator$VirtualFilterChain.doFilter(ObservationFilterChainDecorator.java:137)\n\tat org.springframework.web.filter.CorsFilter.doFilterInternal(CorsFilter.java:91)\n\tat org.springframework.web.filter.OncePerRequestFilter.doFilter(OncePerRequestFilter.java:116)\n\tat org.springframework.security.web.ObservationFilterChainDecorator$ObservationFilter.wrapFilter(ObservationFilterChainDecorator.java:240)\n\tat org.springframework.security.web.ObservationFilterChainDecorator$ObservationFilter.doFilter(ObservationFilterChainDecorator.java:227)\n\tat org.springframework.security.web.ObservationFilterChainDecorator$VirtualFilterChain.doFilter(ObservationFilterChainDecorator.java:137)\n\tat org.springframework.security.web.header.HeaderWriterFilter.doHeadersAfter(HeaderWriterFilter.java:90)\n\tat org.springframework.security.web.header.HeaderWriterFilter.doFilterInternal(HeaderWriterFilter.java:75)\n\tat org.springframework.web.filter.OncePerRequestFilter.doFilter(OncePerRequestFilter.java:116)\n\tat org.springframework.security.web.ObservationFilterChainDecorator$ObservationFilter.wrapFilter(ObservationFilterChainDecorator.java:240)\n\tat org.springframework.security.web.ObservationFilterChainDecorator$ObservationFilter.doFilter(ObservationFilterChainDecorator.java:227)\n\tat org.springframework.security.web.ObservationFilterChainDecorator$VirtualFilterChain.doFilter(ObservationFilterChainDecorator.java:137)\n\tat org.springframework.security.web.context.SecurityContextHolderFilter.doFilter(SecurityContextHolderFilter.java:82)\n\tat org.springframework.security.web.context.SecurityContextHolderFilter.doFilter(SecurityContextHolderFilter.java:69)\n\tat org.springframework.security.web.ObservationFilterChainDecorator$ObservationFilter.wrapFilter(ObservationFilterChainDecorator.java:240)\n\tat org.springframework.security.web.ObservationFilterChainDecorator$ObservationFilter.doFilter(ObservationFilterChainDecorator.java:227)\n\tat org.springframework.security.web.ObservationFilterChainDecorator$VirtualFilterChain.doFilter(ObservationFilterChainDecorator.java:137)\n\tat org.springframework.security.web.context.request.async.WebAsyncManagerIntegrationFilter.doFilterInternal(WebAsyncManagerIntegrationFilter.java:62)\n\tat org.springframework.web.filter.OncePerRequestFilter.doFilter(OncePerRequestFilter.java:116)\n\tat org.springframework.security.web.ObservationFilterChainDecorator$ObservationFilter.wrapFilter(ObservationFilterChainDecorator.java:240)\n\tat org.springframework.security.web.ObservationFilterChainDecorator$ObservationFilter.doFilter(ObservationFilterChainDecorator.java:227)\n\tat org.springframework.security.web.ObservationFilterChainDecorator$VirtualFilterChain.doFilter(ObservationFilterChainDecorator.java:137)\n\tat org.springframework.security.web.session.DisableEncodeUrlFilter.doFilterInternal(DisableEncodeUrlFilter.java:42)\n\tat org.springframework.web.filter.OncePerRequestFilter.doFilter(OncePerRequestFilter.java:116)\n\tat org.springframework.security.web.ObservationFilterChainDecorator$ObservationFilter.wrapFilter(ObservationFilterChainDecorator.java:240)\n\tat org.springframework.security.web.ObservationFilterChainDecorator$AroundFilterObservation$SimpleAroundFilterObservation.lambda$wrap$0(ObservationFilterChainDecorator.java:323)\n\tat org.springframework.security.web.ObservationFilterChainDecorator$ObservationFilter.doFilter(ObservationFilterChainDecorator.java:224)\n\tat org.springframework.security.web.ObservationFilterChainDecorator$VirtualFilterChain.doFilter(ObservationFilterChainDecorator.java:137)\n\tat org.springframework.security.web.FilterChainProxy.doFilterInternal(FilterChainProxy.java:233)\n\tat org.springframework.security.web.FilterChainProxy.doFilter(FilterChainProxy.java:191)\n\tat org.springframework.web.filter.CompositeFilter$VirtualFilterChain.doFilter(CompositeFilter.java:113)\n\tat org.springframework.web.servlet.handler.HandlerMappingIntrospector.lambda$createCacheFilter$3(HandlerMappingIntrospector.java:195)\n\tat org.springframework.web.filter.CompositeFilter$VirtualFilterChain.doFilter(CompositeFilter.java:113)\n\tat org.springframework.web.filter.CompositeFilter.doFilter(CompositeFilter.java:74)\n\tat org.springframework.security.config.annotation.web.configuration.WebMvcSecurityConfiguration$CompositeFilterChainProxy.doFilter(WebMvcSecurityConfiguration.java:230)\n\tat org.springframework.web.filter.DelegatingFilterProxy.invokeDelegate(DelegatingFilterProxy.java:352)\n\tat org.springframework.web.filter.DelegatingFilterProxy.doFilter(DelegatingFilterProxy.java:268)\n\tat org.springframework.test.web.servlet.setup.MockMvcFilterDecorator.doFilter(MockMvcFilterDecorator.java:151)\n\tat org.springframework.mock.web.MockFilterChain.doFilter(MockFilterChain.java:132)\n\tat org.springframework.web.filter.RequestContextFilter.doFilterInternal(RequestContextFilter.java:100)\n\tat org.springframework.web.filter.OncePerRequestFilter.doFilter(OncePerRequestFilter.java:116)\n\tat org.springframework.test.web.servlet.setup.MockMvcFilterDecorator.doFilter(MockMvcFilterDecorator.java:151)\n\tat org.springframework.mock.web.MockFilterChain.doFilter(MockFilterChain.java:132)\n\tat org.springframework.web.filter.FormContentFilter.doFilterInternal(FormContentFilter.java:93)\n\tat org.springframework.web.filter.OncePerRequestFilter.doFilter(OncePerRequestFilter.java:116)\n\tat org.springframework.test.web.servlet.setup.MockMvcFilterDecorator.doFilter(MockMvcFilterDecorator.java:151)\n\tat org.springframework.mock.web.MockFilterChain.doFilter(MockFilterChain.java:132)\n\tat org.springframework.web.filter.ServerHttpObservationFilter.doFilterInternal(ServerHttpObservationFilter.java:109)\n\tat org.springframework.web.filter.OncePerRequestFilter.doFilter(OncePerRequestFilter.java:116)\n\tat org.springframework.test.web.servlet.setup.MockMvcFilterDecorator.doFilter(MockMvcFilterDecorator.java:151)\n\tat org.springframework.mock.web.MockFilterChain.doFilter(MockFilterChain.java:132)\n\tat org.springframework.web.filter.CharacterEncodingFilter.doFilterInternal(CharacterEncodingFilter.java:201)\n\tat org.springframework.web.filter.OncePerRequestFilter.doFilter(OncePerRequestFilter.java:116)\n\tat org.springframework.test.web.servlet.setup.MockMvcFilterDecorator.doFilter(MockMvcFilterDecorator.java:151)\n\tat org.springframework.mock.web.MockFilterChain.doFilter(MockFilterChain.java:132)\n\tat org.springframework.test.web.servlet.MockMvc.perform(MockMvc.java:201)\n\tat org.isp.integration.AccommodationIntegrationTest.createAccommodation_ShouldCreateNewAccommodation(AccommodationIntegrationTest.java:60)\n\tat java.base/jdk.internal.reflect.DirectMethodHandleAccessor.invoke(DirectMethodHandleAccessor.java:104)\n\tat java.base/java.lang.reflect.Method.invoke(Method.java:565)\n\tat org.junit.platform.commons.util.ReflectionUtils.invokeMethod(ReflectionUtils.java:728)\n\tat org.junit.jupiter.engine.execution.MethodInvocation.proceed(MethodInvocation.java:60)\n\tat org.junit.jupiter.engine.execution.InvocationInterceptorChain$ValidatingInvocation.proceed(InvocationInterceptorChain.java:131)\n\tat org.junit.jupiter.engine.extension.TimeoutExtension.intercept(TimeoutExtension.java:156)\n\tat org.junit.jupiter.engine.extension.TimeoutExtension.interceptTestableMethod(TimeoutExtension.java:147)\n\tat org.junit.jupiter.engine.extension.TimeoutExtension.interceptTestMethod(TimeoutExtension.java:86)\n\tat org.junit.jupiter.engine.execution.InterceptingExecutableInvoker$ReflectiveInterceptorCall.lambda$ofVoidMethod$0(InterceptingExecutableInvoker.java:103)\n\tat org.junit.jupiter.engine.execution.InterceptingExecutableInvoker.lambda$invoke$0(InterceptingExecutableInvoker.java:93)\n\tat org.junit.jupiter.engine.execution.InvocationInterceptorChain$InterceptedInvocation.proceed(InvocationInterceptorChain.java:106)\n\tat org.junit.jupiter.engine.execution.InvocationInterceptorChain.proceed(InvocationInterceptorChain.java:64)\n\tat org.junit.jupiter.engine.execution.InvocationInterceptorChain.chainAndInvoke(InvocationInterceptorChain.java:45)\n\tat org.junit.jupiter.engine.execution.InvocationInterceptorChain.invoke(InvocationInterceptorChain.java:37)\n\tat org.junit.jupiter.engine.execution.InterceptingExecutableInvoker.invoke(InterceptingExecutableInvoker.java:92)\n\tat org.junit.jupiter.engine.execution.InterceptingExecutableInvoker.invoke(InterceptingExecutableInvoker.java:86)\n\tat org.junit.jupiter.engine.descriptor.TestMethodTestDescriptor.lambda$invokeTestMethod$7(TestMethodTestDescriptor.java:218)\n\tat org.junit.platform.engine.support.hierarchical.ThrowableCollector.execute(ThrowableCollector.java:73)\n\tat org.junit.jupiter.engine.descriptor.TestMethodTestDescriptor.invokeTestMethod(TestMethodTestDescriptor.java:214)\n\tat org.junit.jupiter.engine.descriptor.TestMethodTestDescriptor.execute(TestMethodTestDescriptor.java:139)\n\tat org.junit.jupiter.engine.descriptor.TestMethodTestDescriptor.execute(TestMethodTestDescriptor.java:69)\n\tat org.junit.platform.engine.support.hierarchical.NodeTestTask.lambda$executeRecursively$6(NodeTestTask.java:151)\n\tat org.junit.platform.engine.support.hierarchical.ThrowableCollector.execute(ThrowableCollector.java:73)\n\tat org.junit.platform.engine.support.hierarchical.NodeTestTask.lambda$executeRecursively$8(NodeTestTask.java:141)\n\tat org.junit.platform.engine.support.hierarchical.Node.around(Node.java:137)\n\tat org.junit.platform.engine.support.hierarchical.NodeTestTask.lambda$executeRecursively$9(NodeTestTask.java:139)\n\tat org.junit.platform.engine.support.hierarchical.ThrowableCollector.execute(ThrowableCollector.java:73)\n\tat org.junit.platform.engine.support.hierarchical.NodeTestTask.executeRecursively(NodeTestTask.java:138)\n\tat org.junit.platform.engine.support.hierarchical.NodeTestTask.execute(NodeTestTask.java:95)\n\tat java.base/java.util.ArrayList.forEach(ArrayList.java:1604)\n\tat org.junit.platform.engine.support.hierarchical.SameThreadHierarchicalTestExecutorService.invokeAll(SameThreadHierarchicalTestExecutorService.java:41)\n\tat org.junit.platform.engine.support.hierarchical.NodeTestTask.lambda$executeRecursively$6(NodeTestTask.java:155)\n\tat org.junit.platform.engine.support.hierarchical.ThrowableCollector.execute(ThrowableCollector.java:73)\n\tat org.junit.platform.engine.support.hierarchical.NodeTestTask.lambda$executeRecursively$8(NodeTestTask.java:141)\n\tat org.junit.platform.engine.support.hierarchical.Node.around(Node.java:137)\n\tat org.junit.platform.engine.support.hierarchical.NodeTestTask.lambda$executeRecursively$9(NodeTestTask.java:139)\n\tat org.junit.platform.engine.support.hierarchical.ThrowableCollector.execute(ThrowableCollector.java:73)\n\tat org.junit.platform.engine.support.hierarchical.NodeTestTask.executeRecursively(NodeTestTask.java:138)\n\tat org.junit.platform.engine.support.hierarchical.NodeTestTask.execute(NodeTestTask.java:95)\n\tat java.base/java.util.ArrayList.forEach(ArrayList.java:1604)\n\tat org.junit.platform.engine.support.hierarchical.SameThreadHierarchicalTestExecutorService.invokeAll(SameThreadHierarchicalTestExecutorService.java:41)\n\tat org.junit.platform.engine.support.hierarchical.NodeTestTask.lambda$executeRecursively$6(NodeTestTask.java:155)\n\tat org.junit.platform.engine.support.hierarchical.ThrowableCollector.execute(ThrowableCollector.java:73)\n\tat org.junit.platform.engine.support.hierarchical.NodeTestTask.lambda$executeRecursively$8(NodeTestTask.java:141)\n\tat org.junit.platform.engine.support.hierarchical.Node.around(Node.java:137)\n\tat org.junit.platform.engine.support.hierarchical.NodeTestTask.lambda$executeRecursively$9(NodeTestTask.java:139)\n\tat org.junit.platform.engine.support.hierarchical.ThrowableCollector.execute(ThrowableCollector.java:73)\n\tat org.junit.platform.engine.support.hierarchical.NodeTestTask.executeRecursively(NodeTestTask.java:138)\n\tat org.junit.platform.engine.support.hierarchical.NodeTestTask.execute(NodeTestTask.java:95)\n\tat org.junit.platform.engine.support.hierarchical.SameThreadHierarchicalTestExecutorService.submit(SameThreadHierarchicalTestExecutorService.java:35)\n\tat org.junit.platform.engine.support.hierarchical.HierarchicalTestExecutor.execute(HierarchicalTestExecutor.java:57)\n\tat org.junit.platform.engine.support.hierarchical.HierarchicalTestEngine.execute(HierarchicalTestEngine.java:54)\n\tat org.junit.platform.launcher.core.EngineExecutionOrchestrator.execute(EngineExecutionOrchestrator.java:198)\n\tat org.junit.platform.launcher.core.EngineExecutionOrchestrator.execute(EngineExecutionOrchestrator.java:169)\n\tat org.junit.platform.launcher.core.EngineExecutionOrchestrator.execute(EngineExecutionOrchestrator.java:93)\n\tat org.junit.platform.launcher.core.EngineExecutionOrchestrator.lambda$execute$0(EngineExecutionOrchestrator.java:58)\n\tat org.junit.platform.launcher.core.EngineExecutionOrchestrator.withInterceptedStreams(EngineExecutionOrchestrator.java:141)\n\tat org.junit.platform.launcher.core.EngineExecutionOrchestrator.execute(EngineExecutionOrchestrator.java:57)\n\tat org.junit.platform.launcher.core.DefaultLauncher.execute(DefaultLauncher.java:103)\n\tat org.junit.platform.launcher.core.DefaultLauncher.execute(DefaultLauncher.java:85)\n\tat org.junit.platform.launcher.core.DelegatingLauncher.execute(DelegatingLauncher.java:47)\n\tat org.apache.maven.surefire.junitplatform.LazyLauncher.execute(LazyLauncher.java:56)\n\tat org.apache.maven.surefire.junitplatform.JUnitPlatformProvider.execute(JUnitPlatformProvider.java:184)\n\tat org.apache.maven.surefire.junitplatform.JUnitPlatformProvider.invokeAllTests(JUnitPlatformProvider.java:148)\n\tat org.apache.maven.surefire.junitplatform.JUnitPlatformProvider.invoke(JUnitPlatformProvider.java:122)\n\tat org.apache.maven.surefire.booter.ForkedBooter.runSuitesInProcess(ForkedBooter.java:385)\n\tat org.apache.maven.surefire.booter.ForkedBooter.execute(ForkedBooter.java:162)\n\tat org.apache.maven.surefire.booter.ForkedBooter.run(ForkedBooter.java:507)\n\tat org.apache.maven.surefire.booter.ForkedBooter.main(ForkedBooter.java:495)\nCaused by: org.springframework.core.serializer.support.SerializationFailedException: Failed to serialize object using DefaultSerializer\n\tat org.springframework.core.serializer.support.SerializingConverter.convert(SerializingConverter.java:64)\n\tat org.springframework.core.serializer.support.SerializingConverter.convert(SerializingConverter.java:33)\n\tat org.springframework.data.redis.serializer.JdkSerializationRedisSerializer.serialize(JdkSerializationRedisSerializer.java:92)\n\t... 219 common frames omitted\nCaused by: java.lang.IllegalArgumentException: DefaultSerializer requires a Serializable payload but received an object of type [org.isp.model.Accommodation]\n\tat org.springframework.core.serializer.DefaultSerializer.serialize(DefaultSerializer.java:43)\n\tat org.springframework.core.serializer.Serializer.serializeToByteArray(Serializer.java:56)\n\tat org.springframework.core.serializer.support.SerializingConverter.convert(SerializingConverter.java:60)\n\t... 221 common frames omitted\n","userId":"user","requestId":"93ef1540-ed85-487b-8aa0-890edbca6e78","clientIp":"127.0.0.1"}
{"@timestamp":"2025-05-27T14:00:48.687231-04:00","@version":"1","message":"Response: POST /api/v1/accommodations - Status: 500 - Duration: 100ms","logger_name":"org.isp.logging.RequestLoggingFilter","thread_name":"main","level":"INFO","level_value":20000,"userId":"user","requestId":"93ef1540-ed85-487b-8aa0-890edbca6e78","clientIp":"127.0.0.1"}

MockHttpServletRequest:
      HTTP Method = POST
      Request URI = /api/v1/accommodations
       Parameters = {}
          Headers = [Content-Type:"application/json;charset=UTF-8", Content-Length:"93"]
             Body = {"id":null,"name":"New Accommodation","address":"New Address","description":null,"price":0.0}
    Session Attrs = {}

Handler:
             Type = org.isp.controller.AccommodationController
           Method = org.isp.controller.AccommodationController#createAccommodation(Accommodation)

Async:
    Async started = false
     Async result = null

Resolved Exception:
             Type = null

ModelAndView:
        View name = null
             View = null
            Model = null

FlashMap:
       Attributes = null

MockHttpServletResponse:
           Status = 500
    Error message = null
          Headers = [Vary:"Origin", "Access-Control-Request-Method", "Access-Control-Request-Headers", X-Content-Type-Options:"nosniff", X-XSS-Protection:"0", Cache-Control:"no-cache, no-store, max-age=0, must-revalidate", Pragma:"no-cache", Expires:"0", X-Frame-Options:"DENY"]
     Content type = null
             Body = 
    Forwarded URL = null
   Redirected URL = null
          Cookies = []
]]></system-out>
    <system-err><![CDATA[WARNING: A Java agent has been loaded dynamically (/Users/rishiachavelli/.m2/repository/net/bytebuddy/byte-buddy-agent/1.14.12/byte-buddy-agent-1.14.12.jar)
WARNING: If a serviceability tool is in use, please run with -XX:+EnableDynamicAgentLoading to hide this warning
WARNING: If a serviceability tool is not in use, please run with -Djdk.instrument.traceUsage for more information
WARNING: Dynamic loading of agents will be disallowed by default in a future release
]]></system-err>
  </testcase>
  <testcase name="getAccommodations_WithoutAuth_ShouldReturnUnauthorized" classname="org.isp.integration.AccommodationIntegrationTest" time="0.011">
    <failure message="Status expected:&lt;401&gt; but was:&lt;403&gt;" type="java.lang.AssertionError"><![CDATA[java.lang.AssertionError: Status expected:<401> but was:<403>
	at org.springframework.test.util.AssertionErrors.fail(AssertionErrors.java:59)
	at org.springframework.test.util.AssertionErrors.assertEquals(AssertionErrors.java:122)
	at org.springframework.test.web.servlet.result.StatusResultMatchers.lambda$matcher$9(StatusResultMatchers.java:637)
	at org.springframework.test.web.servlet.MockMvc$1.andExpect(MockMvc.java:214)
	at org.isp.integration.AccommodationIntegrationTest.getAccommodations_WithoutAuth_ShouldReturnUnauthorized(AccommodationIntegrationTest.java:104)
	at java.base/java.lang.reflect.Method.invoke(Method.java:565)
	at java.base/java.util.ArrayList.forEach(ArrayList.java:1604)
	at java.base/java.util.ArrayList.forEach(ArrayList.java:1604)
]]></failure>
    <system-out><![CDATA[{"@timestamp":"2025-05-27T14:00:48.710234-04:00","@version":"1","message":"Securing GET /api/v1/accommodations","logger_name":"org.springframework.security.web.FilterChainProxy","thread_name":"main","level":"DEBUG","level_value":10000}
{"@timestamp":"2025-05-27T14:00:48.712317-04:00","@version":"1","message":"Set SecurityContextHolder to anonymous SecurityContext","logger_name":"org.springframework.security.web.authentication.AnonymousAuthenticationFilter","thread_name":"main","level":"DEBUG","level_value":10000}
{"@timestamp":"2025-05-27T14:00:48.714055-04:00","@version":"1","message":"Pre-authenticated entry point called. Rejecting access","logger_name":"org.springframework.security.web.authentication.Http403ForbiddenEntryPoint","thread_name":"main","level":"DEBUG","level_value":10000}

MockHttpServletRequest:
      HTTP Method = GET
      Request URI = /api/v1/accommodations
       Parameters = {}
          Headers = [Content-Type:"application/json;charset=UTF-8"]
             Body = null
    Session Attrs = {}

Handler:
             Type = null

Async:
    Async started = false
     Async result = null

Resolved Exception:
             Type = null

ModelAndView:
        View name = null
             View = null
            Model = null

FlashMap:
       Attributes = null

MockHttpServletResponse:
           Status = 403
    Error message = Access Denied
          Headers = [Vary:"Origin", "Access-Control-Request-Method", "Access-Control-Request-Headers", X-Content-Type-Options:"nosniff", X-XSS-Protection:"0", Cache-Control:"no-cache, no-store, max-age=0, must-revalidate", Pragma:"no-cache", Expires:"0", X-Frame-Options:"DENY"]
     Content type = null
             Body = 
    Forwarded URL = null
   Redirected URL = null
          Cookies = []
]]></system-out>
  </testcase>
  <testcase name="deleteAccommodation_WhenExists_ShouldDeleteAccommodation" classname="org.isp.integration.AccommodationIntegrationTest" time="0.285">
    <failure message="Status expected:&lt;204&gt; but was:&lt;500&gt;" type="java.lang.AssertionError"><![CDATA[java.lang.AssertionError: Status expected:<204> but was:<500>
	at org.springframework.test.util.AssertionErrors.fail(AssertionErrors.java:59)
	at org.springframework.test.util.AssertionErrors.assertEquals(AssertionErrors.java:122)
	at org.springframework.test.web.servlet.result.StatusResultMatchers.lambda$matcher$9(StatusResultMatchers.java:637)
	at org.springframework.test.web.servlet.MockMvc$1.andExpect(MockMvc.java:214)
	at org.isp.integration.AccommodationIntegrationTest.deleteAccommodation_WhenExists_ShouldDeleteAccommodation(AccommodationIntegrationTest.java:97)
	at java.base/java.lang.reflect.Method.invoke(Method.java:565)
	at java.base/java.util.ArrayList.forEach(ArrayList.java:1604)
	at java.base/java.util.ArrayList.forEach(ArrayList.java:1604)
]]></failure>
    <system-out><![CDATA[Hibernate: 
    insert 
    into
        accommodation
        (address, description, name, price, id) 
    values
        (?, ?, ?, ?, default)
{"@timestamp":"2025-05-27T14:00:48.74134-04:00","@version":"1","message":"Securing DELETE /api/v1/accommodations/2","logger_name":"org.springframework.security.web.FilterChainProxy","thread_name":"main","level":"DEBUG","level_value":10000}
{"@timestamp":"2025-05-27T14:00:48.743698-04:00","@version":"1","message":"Secured DELETE /api/v1/accommodations/2","logger_name":"org.springframework.security.web.FilterChainProxy","thread_name":"main","level":"DEBUG","level_value":10000}
{"@timestamp":"2025-05-27T14:00:48.744636-04:00","@version":"1","message":"Request: DELETE /api/v1/accommodations/2 from IP: 127.0.0.1","logger_name":"org.isp.logging.RequestLoggingFilter","thread_name":"main","level":"INFO","level_value":20000,"userId":"user","requestId":"d4939b6e-4578-4c14-9684-f01c3e198713","clientIp":"127.0.0.1"}
{"@timestamp":"2025-05-27T14:00:48.749152-04:00","@version":"1","message":"Authorizing method invocation ReflectiveMethodInvocation: public org.springframework.http.ResponseEntity org.isp.controller.AccommodationController.deleteAccommodation(java.lang.Long); target is of class [org.isp.controller.AccommodationController]","logger_name":"org.springframework.security.authorization.method.AuthorizationManagerBeforeMethodInterceptor","thread_name":"main","level":"DEBUG","level_value":10000,"userId":"user","requestId":"d4939b6e-4578-4c14-9684-f01c3e198713","clientIp":"127.0.0.1"}
{"@timestamp":"2025-05-27T14:00:48.751478-04:00","@version":"1","message":"Authorized method invocation ReflectiveMethodInvocation: public org.springframework.http.ResponseEntity org.isp.controller.AccommodationController.deleteAccommodation(java.lang.Long); target is of class [org.isp.controller.AccommodationController]","logger_name":"org.springframework.security.authorization.method.AuthorizationManagerBeforeMethodInterceptor","thread_name":"main","level":"DEBUG","level_value":10000,"userId":"user","requestId":"d4939b6e-4578-4c14-9684-f01c3e198713","clientIp":"127.0.0.1"}
{"@timestamp":"2025-05-27T14:00:48.752266-04:00","@version":"1","message":"Deleting accommodation with id: 2","logger_name":"org.isp.controller.AccommodationController","thread_name":"main","level":"INFO","level_value":20000,"userId":"user","requestId":"d4939b6e-4578-4c14-9684-f01c3e198713","clientIp":"127.0.0.1"}
{"@timestamp":"2025-05-27T14:00:48.75381-04:00","@version":"1","message":"Deleting accommodation with id: 2","logger_name":"org.isp.service.AccommodationService","thread_name":"main","level":"INFO","level_value":20000,"userId":"user","requestId":"d4939b6e-4578-4c14-9684-f01c3e198713","clientIp":"127.0.0.1"}
{"@timestamp":"2025-05-27T14:00:48.754027-04:00","@version":"1","message":"Fetching accommodation with id: 2","logger_name":"org.isp.service.AccommodationService","thread_name":"main","level":"INFO","level_value":20000,"userId":"user","requestId":"d4939b6e-4578-4c14-9684-f01c3e198713","clientIp":"127.0.0.1"}
Hibernate: 
    select
        a1_0.id,
        a1_0.address,
        a1_0.description,
        a1_0.name,
        a1_0.price 
    from
        accommodation a1_0 
    where
        a1_0.id=?
{"@timestamp":"2025-05-27T14:00:48.788355-04:00","@version":"1","message":"Processing DELETED event for accommodation: 2","logger_name":"org.isp.event.AccommodationEventListener","thread_name":"ISPAsync-2","level":"INFO","level_value":20000}
{"@timestamp":"2025-05-27T14:00:48.788921-04:00","@version":"1","message":"Processing deleted accommodation: 2","logger_name":"org.isp.event.AccommodationEventListener","thread_name":"ISPAsync-2","level":"INFO","level_value":20000}
Hibernate: 
    delete 
    from
        accommodation 
    where
        id=?
{"@timestamp":"2025-05-27T14:00:48.999319-04:00","@version":"1","message":"Error deleting accommodation with id: 2","logger_name":"org.isp.controller.AccommodationController","thread_name":"main","level":"ERROR","level_value":40000,"stack_trace":"org.springframework.data.redis.RedisConnectionFailureException: Unable to connect to Redis\n\tat org.springframework.data.redis.connection.lettuce.LettuceConnectionFactory$ExceptionTranslatingConnectionProvider.translateException(LettuceConnectionFactory.java:1795)\n\tat org.springframework.data.redis.connection.lettuce.LettuceConnectionFactory$ExceptionTranslatingConnectionProvider.getConnection(LettuceConnectionFactory.java:1726)\n\tat org.springframework.data.redis.connection.lettuce.LettuceConnectionFactory$SharedConnection.getNativeConnection(LettuceConnectionFactory.java:1528)\n\tat org.springframework.data.redis.connection.lettuce.LettuceConnectionFactory$SharedConnection.lambda$getConnection$0(LettuceConnectionFactory.java:1508)\n\tat org.springframework.data.redis.connection.lettuce.LettuceConnectionFactory.doInLock(LettuceConnectionFactory.java:1469)\n\tat org.springframework.data.redis.connection.lettuce.LettuceConnectionFactory$SharedConnection.getConnection(LettuceConnectionFactory.java:1505)\n\tat org.springframework.data.redis.connection.lettuce.LettuceConnectionFactory.getSharedConnection(LettuceConnectionFactory.java:1191)\n\tat org.springframework.data.redis.connection.lettuce.LettuceConnectionFactory.getConnection(LettuceConnectionFactory.java:997)\n\tat org.springframework.data.redis.cache.DefaultRedisCacheWriter.execute(DefaultRedisCacheWriter.java:346)\n\tat org.springframework.data.redis.cache.DefaultRedisCacheWriter.remove(DefaultRedisCacheWriter.java:257)\n\tat org.springframework.data.redis.cache.RedisCache.evict(RedisCache.java:279)\n\tat org.springframework.cache.interceptor.AbstractCacheInvoker.doEvict(AbstractCacheInvoker.java:104)\n\tat org.springframework.cache.interceptor.CacheAspectSupport.performCacheEvicts(CacheAspectSupport.java:662)\n\tat org.springframework.cache.interceptor.CacheAspectSupport.processCacheEvicts(CacheAspectSupport.java:643)\n\tat org.springframework.cache.interceptor.CacheAspectSupport.evaluate(CacheAspectSupport.java:567)\n\tat org.springframework.cache.interceptor.CacheAspectSupport.execute(CacheAspectSupport.java:433)\n\tat org.springframework.cache.interceptor.CacheAspectSupport.execute(CacheAspectSupport.java:395)\n\tat org.springframework.cache.interceptor.CacheInterceptor.invoke(CacheInterceptor.java:74)\n\tat org.springframework.aop.framework.ReflectiveMethodInvocation.proceed(ReflectiveMethodInvocation.java:184)\n\tat org.springframework.aop.framework.CglibAopProxy$CglibMethodInvocation.proceed(CglibAopProxy.java:765)\n\tat org.springframework.aop.framework.CglibAopProxy$DynamicAdvisedInterceptor.intercept(CglibAopProxy.java:717)\n\tat org.isp.service.AccommodationService$$SpringCGLIB$$0.deleteAccommodation(<generated>)\n\tat org.isp.controller.AccommodationController.deleteAccommodation(AccommodationController.java:97)\n\tat java.base/jdk.internal.reflect.DirectMethodHandleAccessor.invoke(DirectMethodHandleAccessor.java:104)\n\tat java.base/java.lang.reflect.Method.invoke(Method.java:565)\n\tat org.springframework.aop.support.AopUtils.invokeJoinpointUsingReflection(AopUtils.java:351)\n\tat org.springframework.aop.framework.ReflectiveMethodInvocation.invokeJoinpoint(ReflectiveMethodInvocation.java:196)\n\tat org.springframework.aop.framework.ReflectiveMethodInvocation.proceed(ReflectiveMethodInvocation.java:163)\n\tat org.springframework.aop.framework.CglibAopProxy$CglibMethodInvocation.proceed(CglibAopProxy.java:765)\n\tat org.springframework.security.authorization.method.AuthorizationManagerBeforeMethodInterceptor.invoke(AuthorizationManagerBeforeMethodInterceptor.java:198)\n\tat org.springframework.aop.framework.ReflectiveMethodInvocation.proceed(ReflectiveMethodInvocation.java:184)\n\tat org.springframework.aop.framework.CglibAopProxy$CglibMethodInvocation.proceed(CglibAopProxy.java:765)\n\tat org.springframework.aop.framework.CglibAopProxy$DynamicAdvisedInterceptor.intercept(CglibAopProxy.java:717)\n\tat org.isp.controller.AccommodationController$$SpringCGLIB$$0.deleteAccommodation(<generated>)\n\tat java.base/jdk.internal.reflect.DirectMethodHandleAccessor.invoke(DirectMethodHandleAccessor.java:104)\n\tat java.base/java.lang.reflect.Method.invoke(Method.java:565)\n\tat org.springframework.web.method.support.InvocableHandlerMethod.doInvoke(InvocableHandlerMethod.java:259)\n\tat org.springframework.web.method.support.InvocableHandlerMethod.invokeForRequest(InvocableHandlerMethod.java:192)\n\tat org.springframework.web.servlet.mvc.method.annotation.ServletInvocableHandlerMethod.invokeAndHandle(ServletInvocableHandlerMethod.java:118)\n\tat org.springframework.web.servlet.mvc.method.annotation.RequestMappingHandlerAdapter.invokeHandlerMethod(RequestMappingHandlerAdapter.java:920)\n\tat org.springframework.web.servlet.mvc.method.annotation.RequestMappingHandlerAdapter.handleInternal(RequestMappingHandlerAdapter.java:830)\n\tat org.springframework.web.servlet.mvc.method.AbstractHandlerMethodAdapter.handle(AbstractHandlerMethodAdapter.java:87)\n\tat org.springframework.web.servlet.DispatcherServlet.doDispatch(DispatcherServlet.java:1089)\n\tat org.springframework.web.servlet.DispatcherServlet.doService(DispatcherServlet.java:979)\n\tat org.springframework.web.servlet.FrameworkServlet.processRequest(FrameworkServlet.java:1014)\n\tat org.springframework.web.servlet.FrameworkServlet.doDelete(FrameworkServlet.java:936)\n\tat jakarta.servlet.http.HttpServlet.service(HttpServlet.java:596)\n\tat org.springframework.web.servlet.FrameworkServlet.service(FrameworkServlet.java:885)\n\tat org.springframework.test.web.servlet.TestDispatcherServlet.service(TestDispatcherServlet.java:72)\n\tat jakarta.servlet.http.HttpServlet.service(HttpServlet.java:658)\n\tat org.springframework.mock.web.MockFilterChain$ServletFilterProxy.doFilter(MockFilterChain.java:165)\n\tat org.springframework.mock.web.MockFilterChain.doFilter(MockFilterChain.java:132)\n\tat org.springframework.web.filter.OncePerRequestFilter.doFilter(OncePerRequestFilter.java:110)\n\tat org.springframework.test.web.servlet.setup.MockMvcFilterDecorator.doFilter(MockMvcFilterDecorator.java:151)\n\tat org.springframework.mock.web.MockFilterChain.doFilter(MockFilterChain.java:132)\n\tat org.isp.logging.RequestLoggingFilter.doFilterInternal(RequestLoggingFilter.java:47)\n\tat org.springframework.web.filter.OncePerRequestFilter.doFilter(OncePerRequestFilter.java:116)\n\tat org.springframework.test.web.servlet.setup.MockMvcFilterDecorator.doFilter(MockMvcFilterDecorator.java:151)\n\tat org.springframework.mock.web.MockFilterChain.doFilter(MockFilterChain.java:132)\n\tat org.springframework.web.filter.CompositeFilter$VirtualFilterChain.doFilter(CompositeFilter.java:108)\n\tat org.springframework.security.web.FilterChainProxy.lambda$doFilterInternal$3(FilterChainProxy.java:231)\n\tat org.springframework.security.web.ObservationFilterChainDecorator$FilterObservation$SimpleFilterObservation.lambda$wrap$1(ObservationFilterChainDecorator.java:479)\n\tat org.springframework.security.web.ObservationFilterChainDecorator$AroundFilterObservation$SimpleAroundFilterObservation.lambda$wrap$1(ObservationFilterChainDecorator.java:340)\n\tat org.springframework.security.web.ObservationFilterChainDecorator.lambda$wrapSecured$0(ObservationFilterChainDecorator.java:82)\n\tat org.springframework.security.web.ObservationFilterChainDecorator$VirtualFilterChain.doFilter(ObservationFilterChainDecorator.java:128)\n\tat org.springframework.security.web.access.intercept.AuthorizationFilter.doFilter(AuthorizationFilter.java:100)\n\tat org.springframework.security.web.ObservationFilterChainDecorator$ObservationFilter.wrapFilter(ObservationFilterChainDecorator.java:240)\n\tat org.springframework.security.web.ObservationFilterChainDecorator$ObservationFilter.doFilter(ObservationFilterChainDecorator.java:227)\n\tat org.springframework.security.web.ObservationFilterChainDecorator$VirtualFilterChain.doFilter(ObservationFilterChainDecorator.java:137)\n\tat org.springframework.security.web.access.ExceptionTranslationFilter.doFilter(ExceptionTranslationFilter.java:126)\n\tat org.springframework.security.web.access.ExceptionTranslationFilter.doFilter(ExceptionTranslationFilter.java:120)\n\tat org.springframework.security.web.ObservationFilterChainDecorator$ObservationFilter.wrapFilter(ObservationFilterChainDecorator.java:240)\n\tat org.springframework.security.web.ObservationFilterChainDecorator$ObservationFilter.doFilter(ObservationFilterChainDecorator.java:227)\n\tat org.springframework.security.web.ObservationFilterChainDecorator$VirtualFilterChain.doFilter(ObservationFilterChainDecorator.java:137)\n\tat org.springframework.security.web.session.SessionManagementFilter.doFilter(SessionManagementFilter.java:131)\n\tat org.springframework.security.web.session.SessionManagementFilter.doFilter(SessionManagementFilter.java:85)\n\tat org.springframework.security.web.ObservationFilterChainDecorator$ObservationFilter.wrapFilter(ObservationFilterChainDecorator.java:240)\n\tat org.springframework.security.web.ObservationFilterChainDecorator$ObservationFilter.doFilter(ObservationFilterChainDecorator.java:227)\n\tat org.springframework.security.web.ObservationFilterChainDecorator$VirtualFilterChain.doFilter(ObservationFilterChainDecorator.java:137)\n\tat org.springframework.security.web.authentication.AnonymousAuthenticationFilter.doFilter(AnonymousAuthenticationFilter.java:100)\n\tat org.springframework.security.web.ObservationFilterChainDecorator$ObservationFilter.wrapFilter(ObservationFilterChainDecorator.java:240)\n\tat org.springframework.security.web.ObservationFilterChainDecorator$ObservationFilter.doFilter(ObservationFilterChainDecorator.java:227)\n\tat org.springframework.security.web.ObservationFilterChainDecorator$VirtualFilterChain.doFilter(ObservationFilterChainDecorator.java:137)\n\tat org.springframework.security.web.servletapi.SecurityContextHolderAwareRequestFilter.doFilter(SecurityContextHolderAwareRequestFilter.java:179)\n\tat org.springframework.security.web.ObservationFilterChainDecorator$ObservationFilter.wrapFilter(ObservationFilterChainDecorator.java:240)\n\tat org.springframework.security.web.ObservationFilterChainDecorator$ObservationFilter.doFilter(ObservationFilterChainDecorator.java:227)\n\tat org.springframework.security.web.ObservationFilterChainDecorator$VirtualFilterChain.doFilter(ObservationFilterChainDecorator.java:137)\n\tat org.springframework.security.web.savedrequest.RequestCacheAwareFilter.doFilter(RequestCacheAwareFilter.java:63)\n\tat org.springframework.security.web.ObservationFilterChainDecorator$ObservationFilter.wrapFilter(ObservationFilterChainDecorator.java:240)\n\tat org.springframework.security.web.ObservationFilterChainDecorator$ObservationFilter.doFilter(ObservationFilterChainDecorator.java:227)\n\tat org.springframework.security.web.ObservationFilterChainDecorator$VirtualFilterChain.doFilter(ObservationFilterChainDecorator.java:137)\n\tat org.isp.security.JwtAuthenticationFilter.doFilterInternal(JwtAuthenticationFilter.java:50)\n\tat org.springframework.web.filter.OncePerRequestFilter.doFilter(OncePerRequestFilter.java:116)\n\tat org.springframework.security.web.ObservationFilterChainDecorator$ObservationFilter.wrapFilter(ObservationFilterChainDecorator.java:240)\n\tat org.springframework.security.web.ObservationFilterChainDecorator$ObservationFilter.doFilter(ObservationFilterChainDecorator.java:227)\n\tat org.springframework.security.web.ObservationFilterChainDecorator$VirtualFilterChain.doFilter(ObservationFilterChainDecorator.java:137)\n\tat org.springframework.security.web.authentication.logout.LogoutFilter.doFilter(LogoutFilter.java:107)\n\tat org.springframework.security.web.authentication.logout.LogoutFilter.doFilter(LogoutFilter.java:93)\n\tat org.springframework.security.web.ObservationFilterChainDecorator$ObservationFilter.wrapFilter(ObservationFilterChainDecorator.java:240)\n\tat org.springframework.security.web.ObservationFilterChainDecorator$ObservationFilter.doFilter(ObservationFilterChainDecorator.java:227)\n\tat org.springframework.security.web.ObservationFilterChainDecorator$VirtualFilterChain.doFilter(ObservationFilterChainDecorator.java:137)\n\tat org.springframework.web.filter.CorsFilter.doFilterInternal(CorsFilter.java:91)\n\tat org.springframework.web.filter.OncePerRequestFilter.doFilter(OncePerRequestFilter.java:116)\n\tat org.springframework.security.web.ObservationFilterChainDecorator$ObservationFilter.wrapFilter(ObservationFilterChainDecorator.java:240)\n\tat org.springframework.security.web.ObservationFilterChainDecorator$ObservationFilter.doFilter(ObservationFilterChainDecorator.java:227)\n\tat org.springframework.security.web.ObservationFilterChainDecorator$VirtualFilterChain.doFilter(ObservationFilterChainDecorator.java:137)\n\tat org.springframework.security.web.header.HeaderWriterFilter.doHeadersAfter(HeaderWriterFilter.java:90)\n\tat org.springframework.security.web.header.HeaderWriterFilter.doFilterInternal(HeaderWriterFilter.java:75)\n\tat org.springframework.web.filter.OncePerRequestFilter.doFilter(OncePerRequestFilter.java:116)\n\tat org.springframework.security.web.ObservationFilterChainDecorator$ObservationFilter.wrapFilter(ObservationFilterChainDecorator.java:240)\n\tat org.springframework.security.web.ObservationFilterChainDecorator$ObservationFilter.doFilter(ObservationFilterChainDecorator.java:227)\n\tat org.springframework.security.web.ObservationFilterChainDecorator$VirtualFilterChain.doFilter(ObservationFilterChainDecorator.java:137)\n\tat org.springframework.security.web.context.SecurityContextHolderFilter.doFilter(SecurityContextHolderFilter.java:82)\n\tat org.springframework.security.web.context.SecurityContextHolderFilter.doFilter(SecurityContextHolderFilter.java:69)\n\tat org.springframework.security.web.ObservationFilterChainDecorator$ObservationFilter.wrapFilter(ObservationFilterChainDecorator.java:240)\n\tat org.springframework.security.web.ObservationFilterChainDecorator$ObservationFilter.doFilter(ObservationFilterChainDecorator.java:227)\n\tat org.springframework.security.web.ObservationFilterChainDecorator$VirtualFilterChain.doFilter(ObservationFilterChainDecorator.java:137)\n\tat org.springframework.security.web.context.request.async.WebAsyncManagerIntegrationFilter.doFilterInternal(WebAsyncManagerIntegrationFilter.java:62)\n\tat org.springframework.web.filter.OncePerRequestFilter.doFilter(OncePerRequestFilter.java:116)\n\tat org.springframework.security.web.ObservationFilterChainDecorator$ObservationFilter.wrapFilter(ObservationFilterChainDecorator.java:240)\n\tat org.springframework.security.web.ObservationFilterChainDecorator$ObservationFilter.doFilter(ObservationFilterChainDecorator.java:227)\n\tat org.springframework.security.web.ObservationFilterChainDecorator$VirtualFilterChain.doFilter(ObservationFilterChainDecorator.java:137)\n\tat org.springframework.security.web.session.DisableEncodeUrlFilter.doFilterInternal(DisableEncodeUrlFilter.java:42)\n\tat org.springframework.web.filter.OncePerRequestFilter.doFilter(OncePerRequestFilter.java:116)\n\tat org.springframework.security.web.ObservationFilterChainDecorator$ObservationFilter.wrapFilter(ObservationFilterChainDecorator.java:240)\n\tat org.springframework.security.web.ObservationFilterChainDecorator$AroundFilterObservation$SimpleAroundFilterObservation.lambda$wrap$0(ObservationFilterChainDecorator.java:323)\n\tat org.springframework.security.web.ObservationFilterChainDecorator$ObservationFilter.doFilter(ObservationFilterChainDecorator.java:224)\n\tat org.springframework.security.web.ObservationFilterChainDecorator$VirtualFilterChain.doFilter(ObservationFilterChainDecorator.java:137)\n\tat org.springframework.security.web.FilterChainProxy.doFilterInternal(FilterChainProxy.java:233)\n\tat org.springframework.security.web.FilterChainProxy.doFilter(FilterChainProxy.java:191)\n\tat org.springf
[...]
at org.junit.platform.engine.support.hierarchical.NodeTestTask.execute(NodeTestTask.java:95)\n\tat java.base/java.util.ArrayList.forEach(ArrayList.java:1604)\n\tat org.junit.platform.engine.support.hierarchical.SameThreadHierarchicalTestExecutorService.invokeAll(SameThreadHierarchicalTestExecutorService.java:41)\n\tat org.junit.platform.engine.support.hierarchical.NodeTestTask.lambda$executeRecursively$6(NodeTestTask.java:155)\n\tat org.junit.platform.engine.support.hierarchical.ThrowableCollector.execute(ThrowableCollector.java:73)\n\tat org.junit.platform.engine.support.hierarchical.NodeTestTask.lambda$executeRecursively$8(NodeTestTask.java:141)\n\tat org.junit.platform.engine.support.hierarchical.Node.around(Node.java:137)\n\tat org.junit.platform.engine.support.hierarchical.NodeTestTask.lambda$executeRecursively$9(NodeTestTask.java:139)\n\tat org.junit.platform.engine.support.hierarchical.ThrowableCollector.execute(ThrowableCollector.java:73)\n\tat org.junit.platform.engine.support.hierarchical.NodeTestTask.executeRecursively(NodeTestTask.java:138)\n\tat org.junit.platform.engine.support.hierarchical.NodeTestTask.execute(NodeTestTask.java:95)\n\tat java.base/java.util.ArrayList.forEach(ArrayList.java:1604)\n\tat org.junit.platform.engine.support.hierarchical.SameThreadHierarchicalTestExecutorService.invokeAll(SameThreadHierarchicalTestExecutorService.java:41)\n\tat org.junit.platform.engine.support.hierarchical.NodeTestTask.lambda$executeRecursively$6(NodeTestTask.java:155)\n\tat org.junit.platform.engine.support.hierarchical.ThrowableCollector.execute(ThrowableCollector.java:73)\n\tat org.junit.platform.engine.support.hierarchical.NodeTestTask.lambda$executeRecursively$8(NodeTestTask.java:141)\n\tat org.junit.platform.engine.support.hierarchical.Node.around(Node.java:137)\n\tat org.junit.platform.engine.support.hierarchical.NodeTestTask.lambda$executeRecursively$9(NodeTestTask.java:139)\n\tat org.junit.platform.engine.support.hierarchical.ThrowableCollector.execute(ThrowableCollector.java:73)\n\tat org.junit.platform.engine.support.hierarchical.NodeTestTask.executeRecursively(NodeTestTask.java:138)\n\tat org.junit.platform.engine.support.hierarchical.NodeTestTask.execute(NodeTestTask.java:95)\n\tat org.junit.platform.engine.support.hierarchical.SameThreadHierarchicalTestExecutorService.submit(SameThreadHierarchicalTestExecutorService.java:35)\n\tat org.junit.platform.engine.support.hierarchical.HierarchicalTestExecutor.execute(HierarchicalTestExecutor.java:57)\n\tat org.junit.platform.engine.support.hierarchical.HierarchicalTestEngine.execute(HierarchicalTestEngine.java:54)\n\tat org.junit.platform.launcher.core.EngineExecutionOrchestrator.execute(EngineExecutionOrchestrator.java:198)\n\tat org.junit.platform.launcher.core.EngineExecutionOrchestrator.execute(EngineExecutionOrchestrator.java:169)\n\tat org.junit.platform.launcher.core.EngineExecutionOrchestrator.execute(EngineExecutionOrchestrator.java:93)\n\tat org.junit.platform.launcher.core.EngineExecutionOrchestrator.lambda$execute$0(EngineExecutionOrchestrator.java:58)\n\tat org.junit.platform.launcher.core.EngineExecutionOrchestrator.withInterceptedStreams(EngineExecutionOrchestrator.java:141)\n\tat org.junit.platform.launcher.core.EngineExecutionOrchestrator.execute(EngineExecutionOrchestrator.java:57)\n\tat org.junit.platform.launcher.core.DefaultLauncher.execute(DefaultLauncher.java:103)\n\tat org.junit.platform.launcher.core.DefaultLauncher.execute(DefaultLauncher.java:85)\n\tat org.junit.platform.launcher.core.DelegatingLauncher.execute(DelegatingLauncher.java:47)\n\tat org.apache.maven.surefire.junitplatform.LazyLauncher.execute(LazyLauncher.java:56)\n\tat org.apache.maven.surefire.junitplatform.JUnitPlatformProvider.execute(JUnitPlatformProvider.java:184)\n\tat org.apache.maven.surefire.junitplatform.JUnitPlatformProvider.invokeAllTests(JUnitPlatformProvider.java:148)\n\tat org.apache.maven.surefire.junitplatform.JUnitPlatformProvider.invoke(JUnitPlatformProvider.java:122)\n\tat org.apache.maven.surefire.booter.ForkedBooter.runSuitesInProcess(ForkedBooter.java:385)\n\tat org.apache.maven.surefire.booter.ForkedBooter.execute(ForkedBooter.java:162)\n\tat org.apache.maven.surefire.booter.ForkedBooter.run(ForkedBooter.java:507)\n\tat org.apache.maven.surefire.booter.ForkedBooter.main(ForkedBooter.java:495)\nCaused by: io.lettuce.core.RedisConnectionException: Unable to connect to localhost/<unresolved>:6379\n\tat io.lettuce.core.RedisConnectionException.create(RedisConnectionException.java:78)\n\tat io.lettuce.core.RedisConnectionException.create(RedisConnectionException.java:56)\n\tat io.lettuce.core.AbstractRedisClient.getConnection(AbstractRedisClient.java:350)\n\tat io.lettuce.core.RedisClient.connect(RedisClient.java:215)\n\tat org.springframework.data.redis.connection.lettuce.StandaloneConnectionProvider.lambda$getConnection$1(StandaloneConnectionProvider.java:112)\n\tat java.base/java.util.Optional.orElseGet(Optional.java:364)\n\tat org.springframework.data.redis.connection.lettuce.StandaloneConnectionProvider.getConnection(StandaloneConnectionProvider.java:112)\n\tat org.springframework.data.redis.connection.lettuce.LettuceConnectionFactory$ExceptionTranslatingConnectionProvider.getConnection(LettuceConnectionFactory.java:1724)\n\t... 224 common frames omitted\nCaused by: io.netty.channel.AbstractChannel$AnnotatedConnectException: Connection refused: localhost/127.0.0.1:6379\nCaused by: java.net.ConnectException: Connection refused\n\tat java.base/sun.nio.ch.Net.pollConnect(Native Method)\n\tat java.base/sun.nio.ch.Net.pollConnectNow(Net.java:628)\n\tat java.base/sun.nio.ch.SocketChannelImpl.finishConnect(SocketChannelImpl.java:1046)\n\tat io.netty.channel.socket.nio.NioSocketChannel.doFinishConnect(NioSocketChannel.java:337)\n\tat io.netty.channel.nio.AbstractNioChannel$AbstractNioUnsafe.finishConnect(AbstractNioChannel.java:335)\n\tat io.netty.channel.nio.NioEventLoop.processSelectedKey(NioEventLoop.java:776)\n\tat io.netty.channel.nio.NioEventLoop.processSelectedKeysOptimized(NioEventLoop.java:724)\n\tat io.netty.channel.nio.NioEventLoop.processSelectedKeys(NioEventLoop.java:650)\n\tat io.netty.channel.nio.NioEventLoop.run(NioEventLoop.java:562)\n\tat io.netty.util.concurrent.SingleThreadEventExecutor$4.run(SingleThreadEventExecutor.java:997)\n\tat io.netty.util.internal.ThreadExecutorMap$2.run(ThreadExecutorMap.java:74)\n\tat io.netty.util.concurrent.FastThreadLocalRunnable.run(FastThreadLocalRunnable.java:30)\n\tat java.base/java.lang.Thread.run(Thread.java:1447)\n","userId":"user","requestId":"d4939b6e-4578-4c14-9684-f01c3e198713","clientIp":"127.0.0.1"}
{"@timestamp":"2025-05-27T14:00:49.002309-04:00","@version":"1","message":"Response: DELETE /api/v1/accommodations/2 - Status: 500 - Duration: 258ms","logger_name":"org.isp.logging.RequestLoggingFilter","thread_name":"main","level":"INFO","level_value":20000,"userId":"user","requestId":"d4939b6e-4578-4c14-9684-f01c3e198713","clientIp":"127.0.0.1"}

MockHttpServletRequest:
      HTTP Method = DELETE
      Request URI = /api/v1/accommodations/2
       Parameters = {}
          Headers = [Content-Type:"application/json;charset=UTF-8"]
             Body = null
    Session Attrs = {}

Handler:
             Type = org.isp.controller.AccommodationController
           Method = org.isp.controller.AccommodationController#deleteAccommodation(Long)

Async:
    Async started = false
     Async result = null

Resolved Exception:
             Type = null

ModelAndView:
        View name = null
             View = null
            Model = null

FlashMap:
       Attributes = null

MockHttpServletResponse:
           Status = 500
    Error message = null
          Headers = [Vary:"Origin", "Access-Control-Request-Method", "Access-Control-Request-Headers", X-Content-Type-Options:"nosniff", X-XSS-Protection:"0", Cache-Control:"no-cache, no-store, max-age=0, must-revalidate", Pragma:"no-cache", Expires:"0", X-Frame-Options:"DENY"]
     Content type = null
             Body = 
    Forwarded URL = null
   Redirected URL = null
          Cookies = []
]]></system-out>
  </testcase>
  <testcase name="getAllAccommodations_ShouldReturnAllAccommodations" classname="org.isp.integration.AccommodationIntegrationTest" time="0.057">
    <failure message="No value at JSON path &quot;$&quot;" type="java.lang.AssertionError"><![CDATA[java.lang.AssertionError: No value at JSON path "$"
	at org.springframework.test.util.JsonPathExpectationsHelper.evaluateJsonPath(JsonPathExpectationsHelper.java:302)
	at org.springframework.test.util.JsonPathExpectationsHelper.assertValue(JsonPathExpectationsHelper.java:73)
	at org.springframework.test.web.servlet.result.JsonPathResultMatchers.lambda$value$0(JsonPathResultMatchers.java:87)
	at org.springframework.test.web.servlet.MockMvc$1.andExpect(MockMvc.java:214)
	at org.isp.integration.AccommodationIntegrationTest.getAllAccommodations_ShouldReturnAllAccommodations(AccommodationIntegrationTest.java:46)
	at java.base/java.lang.reflect.Method.invoke(Method.java:565)
	at java.base/java.util.ArrayList.forEach(ArrayList.java:1604)
	at java.base/java.util.ArrayList.forEach(ArrayList.java:1604)
Caused by: java.lang.IllegalArgumentException: json can not be null or empty
	at com.jayway.jsonpath.internal.Utils.notEmpty(Utils.java:401)
	at com.jayway.jsonpath.JsonPath.read(JsonPath.java:390)
	at com.jayway.jsonpath.JsonPath.read(JsonPath.java:377)
	at org.springframework.test.util.JsonPathExpectationsHelper.evaluateJsonPath(JsonPathExpectationsHelper.java:299)
	... 7 more
]]></failure>
    <system-out><![CDATA[Hibernate: 
    insert 
    into
        accommodation
        (address, description, name, price, id) 
    values
        (?, ?, ?, ?, default)
{"@timestamp":"2025-05-27T14:00:49.008272-04:00","@version":"1","message":"Securing GET /api/v1/accommodations","logger_name":"org.springframework.security.web.FilterChainProxy","thread_name":"main","level":"DEBUG","level_value":10000}
{"@timestamp":"2025-05-27T14:00:49.008975-04:00","@version":"1","message":"Secured GET /api/v1/accommodations","logger_name":"org.springframework.security.web.FilterChainProxy","thread_name":"main","level":"DEBUG","level_value":10000}
{"@timestamp":"2025-05-27T14:00:49.009134-04:00","@version":"1","message":"Request: GET /api/v1/accommodations from IP: 127.0.0.1","logger_name":"org.isp.logging.RequestLoggingFilter","thread_name":"main","level":"INFO","level_value":20000,"userId":"user","requestId":"a8006665-d4ad-454a-b3d0-206885b48039","clientIp":"127.0.0.1"}
{"@timestamp":"2025-05-27T14:00:49.009879-04:00","@version":"1","message":"Authorizing method invocation ReflectiveMethodInvocation: public java.util.concurrent.CompletableFuture org.isp.controller.AccommodationController.getAllAccommodations(); target is of class [org.isp.controller.AccommodationController]","logger_name":"org.springframework.security.authorization.method.AuthorizationManagerBeforeMethodInterceptor","thread_name":"main","level":"DEBUG","level_value":10000,"userId":"user","requestId":"a8006665-d4ad-454a-b3d0-206885b48039","clientIp":"127.0.0.1"}
{"@timestamp":"2025-05-27T14:00:49.010408-04:00","@version":"1","message":"Authorized method invocation ReflectiveMethodInvocation: public java.util.concurrent.CompletableFuture org.isp.controller.AccommodationController.getAllAccommodations(); target is of class [org.isp.controller.AccommodationController]","logger_name":"org.springframework.security.authorization.method.AuthorizationManagerBeforeMethodInterceptor","thread_name":"main","level":"DEBUG","level_value":10000,"userId":"user","requestId":"a8006665-d4ad-454a-b3d0-206885b48039","clientIp":"127.0.0.1"}
{"@timestamp":"2025-05-27T14:00:49.010505-04:00","@version":"1","message":"Fetching all accommodations","logger_name":"org.isp.controller.AccommodationController","thread_name":"main","level":"INFO","level_value":20000,"userId":"user","requestId":"a8006665-d4ad-454a-b3d0-206885b48039","clientIp":"127.0.0.1"}
{"@timestamp":"2025-05-27T14:00:49.011576-04:00","@version":"1","message":"Fetching all accommodations asynchronously","logger_name":"org.isp.service.AccommodationService","thread_name":"ISPAsync-3","level":"INFO","level_value":20000}
{"@timestamp":"2025-05-27T14:00:49.011939-04:00","@version":"1","message":"Fetching all accommodations","logger_name":"org.isp.service.AccommodationService","thread_name":"ISPAsync-3","level":"INFO","level_value":20000}
{"@timestamp":"2025-05-27T14:00:49.021302-04:00","@version":"1","message":"Response: GET /api/v1/accommodations - Status: 200 - Duration: 12ms","logger_name":"org.isp.logging.RequestLoggingFilter","thread_name":"main","level":"INFO","level_value":20000,"userId":"user","requestId":"a8006665-d4ad-454a-b3d0-206885b48039","clientIp":"127.0.0.1"}

MockHttpServletRequest:
      HTTP Method = GET
      Request URI = /api/v1/accommodations
       Parameters = {}
          Headers = [Content-Type:"application/json;charset=UTF-8"]
             Body = null
    Session Attrs = {}

Handler:
             Type = org.isp.controller.AccommodationController
           Method = org.isp.controller.AccommodationController#getAllAccommodations()

Async:
    Async started = true
     Async result = null

Resolved Exception:
             Type = null

ModelAndView:
        View name = null
             View = null
            Model = null

FlashMap:
       Attributes = null

MockHttpServletResponse:
           Status = 200
    Error message = null
          Headers = [Vary:"Origin", "Access-Control-Request-Method", "Access-Control-Request-Headers", X-Content-Type-Options:"nosniff", X-XSS-Protection:"0", Cache-Control:"no-cache, no-store, max-age=0, must-revalidate", Pragma:"no-cache", Expires:"0", X-Frame-Options:"DENY"]
     Content type = null
             Body = 
    Forwarded URL = null
   Redirected URL = null
          Cookies = []
]]></system-out>
  </testcase>
  <testcase name="getAccommodationById_WhenExists_ShouldReturnAccommodation" classname="org.isp.integration.AccommodationIntegrationTest" time="0.022">
    <failure message="No value at JSON path &quot;$.name&quot;" type="java.lang.AssertionError"><![CDATA[java.lang.AssertionError: No value at JSON path "$.name"
	at org.springframework.test.util.JsonPathExpectationsHelper.evaluateJsonPath(JsonPathExpectationsHelper.java:302)
	at org.springframework.test.util.JsonPathExpectationsHelper.assertValue(JsonPathExpectationsHelper.java:73)
	at org.springframework.test.web.servlet.result.JsonPathResultMatchers.lambda$value$0(JsonPathResultMatchers.java:87)
	at org.springframework.test.web.servlet.MockMvc$1.andExpect(MockMvc.java:214)
	at org.isp.integration.AccommodationIntegrationTest.getAccommodationById_WhenExists_ShouldReturnAccommodation(AccommodationIntegrationTest.java:81)
	at java.base/java.lang.reflect.Method.invoke(Method.java:565)
	at java.base/java.util.ArrayList.forEach(ArrayList.java:1604)
	at java.base/java.util.ArrayList.forEach(ArrayList.java:1604)
Caused by: java.lang.IllegalArgumentException: json can not be null or empty
	at com.jayway.jsonpath.internal.Utils.notEmpty(Utils.java:401)
	at com.jayway.jsonpath.JsonPath.read(JsonPath.java:390)
	at com.jayway.jsonpath.JsonPath.read(JsonPath.java:377)
	at org.springframework.test.util.JsonPathExpectationsHelper.evaluateJsonPath(JsonPathExpectationsHelper.java:299)
	... 7 more
]]></failure>
    <system-out><![CDATA[Hibernate: 
    insert 
    into
        accommodation
        (address, description, name, price, id) 
    values
        (?, ?, ?, ?, default)
{"@timestamp":"2025-05-27T14:00:49.066824-04:00","@version":"1","message":"Securing GET /api/v1/accommodations/4","logger_name":"org.springframework.security.web.FilterChainProxy","thread_name":"main","level":"DEBUG","level_value":10000}
{"@timestamp":"2025-05-27T14:00:49.071685-04:00","@version":"1","message":"Secured GET /api/v1/accommodations/4","logger_name":"org.springframework.security.web.FilterChainProxy","thread_name":"main","level":"DEBUG","level_value":10000}
{"@timestamp":"2025-05-27T14:00:49.072062-04:00","@version":"1","message":"Request: GET /api/v1/accommodations/4 from IP: 127.0.0.1","logger_name":"org.isp.logging.RequestLoggingFilter","thread_name":"main","level":"INFO","level_value":20000,"userId":"user","requestId":"e243ecec-807e-44de-8fea-4cede9d0ddc1","clientIp":"127.0.0.1"}
{"@timestamp":"2025-05-27T14:00:49.073786-04:00","@version":"1","message":"Authorizing method invocation ReflectiveMethodInvocation: public java.util.concurrent.CompletableFuture org.isp.controller.AccommodationController.getAccommodationById(java.lang.Long); target is of class [org.isp.controller.AccommodationController]","logger_name":"org.springframework.security.authorization.method.AuthorizationManagerBeforeMethodInterceptor","thread_name":"main","level":"DEBUG","level_value":10000,"userId":"user","requestId":"e243ecec-807e-44de-8fea-4cede9d0ddc1","clientIp":"127.0.0.1"}
{"@timestamp":"2025-05-27T14:00:49.074542-04:00","@version":"1","message":"Authorized method invocation ReflectiveMethodInvocation: public java.util.concurrent.CompletableFuture org.isp.controller.AccommodationController.getAccommodationById(java.lang.Long); target is of class [org.isp.controller.AccommodationController]","logger_name":"org.springframework.security.authorization.method.AuthorizationManagerBeforeMethodInterceptor","thread_name":"main","level":"DEBUG","level_value":10000,"userId":"user","requestId":"e243ecec-807e-44de-8fea-4cede9d0ddc1","clientIp":"127.0.0.1"}
{"@timestamp":"2025-05-27T14:00:49.074663-04:00","@version":"1","message":"Fetching accommodation with id: 4","logger_name":"org.isp.controller.AccommodationController","thread_name":"main","level":"INFO","level_value":20000,"userId":"user","requestId":"e243ecec-807e-44de-8fea-4cede9d0ddc1","clientIp":"127.0.0.1"}
{"@timestamp":"2025-05-27T14:00:49.077758-04:00","@version":"1","message":"Fetching accommodation by id asynchronously: 4","logger_name":"org.isp.service.AccommodationService","thread_name":"ISPAsync-4","level":"INFO","level_value":20000}
{"@timestamp":"2025-05-27T14:00:49.078027-04:00","@version":"1","message":"Response: GET /api/v1/accommodations/4 - Status: 200 - Duration: 6ms","logger_name":"org.isp.logging.RequestLoggingFilter","thread_name":"main","level":"INFO","level_value":20000,"userId":"user","requestId":"e243ecec-807e-44de-8fea-4cede9d0ddc1","clientIp":"127.0.0.1"}
{"@timestamp":"2025-05-27T14:00:49.078338-04:00","@version":"1","message":"Fetching accommodation with id: 4","logger_name":"org.isp.service.AccommodationService","thread_name":"ISPAsync-4","level":"INFO","level_value":20000}
Hibernate: 
    select
        a1_0.id,
        a1_0.address,
        a1_0.description,
        a1_0.name,
        a1_0.price 
    from
        accommodation a1_0 
    where
        a1_0.id=?

MockHttpServletRequest:
      HTTP Method = GET
      Request URI = /api/v1/accommodations/4
       Parameters = {}
          Headers = [Content-Type:"application/json;charset=UTF-8"]
             Body = null
    Session Attrs = {}

Handler:
             Type = org.isp.controller.AccommodationController
           Method = org.isp.controller.AccommodationController#getAccommodationById(Long)

Async:
    Async started = true
     Async result = null

Resolved Exception:
             Type = null

ModelAndView:
        View name = null
             View = null
            Model = null

FlashMap:
       Attributes = null

MockHttpServletResponse:
           Status = 200
    Error message = null
          Headers = [Vary:"Origin", "Access-Control-Request-Method", "Access-Control-Request-Headers", X-Content-Type-Options:"nosniff", X-XSS-Protection:"0", Cache-Control:"no-cache, no-store, max-age=0, must-revalidate", Pragma:"no-cache", Expires:"0", X-Frame-Options:"DENY"]
     Content type = null
             Body = 
    Forwarded URL = null
   Redirected URL = null
          Cookies = []
]]></system-out>
  </testcase>
</testsuite>